This is pdfTeX, Version 3.141592653-2.6-1.40.23 (TeX Live 2022/dev) (preloaded format=pdflatex 2022.3.18)  2 MAY 2022 13:20
entering extended mode
 restricted \write18 enabled.
 %&-line parsing enabled.
**CTT-Node-User-Guide.tex
(./CTT-Node-User-Guide.tex
LaTeX2e <2021-11-15> patch level 1
L3 programming layer <2022-02-24> (/Users/davidlapuma/Library/TinyTeX/texmf-dis
t/tex/latex/base/article.cls
Document Class: article 2021/10/04 v1.4n Standard LaTeX document class
(/Users/davidlapuma/Library/TinyTeX/texmf-dist/tex/latex/base/size10.clo
File: size10.clo 2021/10/04 v1.4n Standard LaTeX file (size option)
)
\c@part=\count185
\c@section=\count186
\c@subsection=\count187
\c@subsubsection=\count188
\c@paragraph=\count189
\c@subparagraph=\count190
\c@figure=\count191
\c@table=\count192
\abovecaptionskip=\skip47
\belowcaptionskip=\skip48
\bibindent=\dimen138
) (/Users/davidlapuma/Library/TinyTeX/texmf-dist/tex/latex/amsmath/amsmath.sty
Package: amsmath 2021/10/15 v2.17l AMS math features
\@mathmargin=\skip49
For additional information on amsmath, use the `?' option.
(/Users/davidlapuma/Library/TinyTeX/texmf-dist/tex/latex/amsmath/amstext.sty
Package: amstext 2021/08/26 v2.01 AMS text
(/Users/davidlapuma/Library/TinyTeX/texmf-dist/tex/latex/amsmath/amsgen.sty
File: amsgen.sty 1999/11/30 v2.0 generic functions
\@emptytoks=\toks16
\ex@=\dimen139
)) (/Users/davidlapuma/Library/TinyTeX/texmf-dist/tex/latex/amsmath/amsbsy.sty
Package: amsbsy 1999/11/29 v1.2d Bold Symbols
\pmbraise@=\dimen140
) (/Users/davidlapuma/Library/TinyTeX/texmf-dist/tex/latex/amsmath/amsopn.sty
Package: amsopn 2021/08/26 v2.02 operator names
)
\inf@bad=\count193
LaTeX Info: Redefining \frac on input line 234.
\uproot@=\count194
\leftroot@=\count195
LaTeX Info: Redefining \overline on input line 399.
\classnum@=\count196
\DOTSCASE@=\count197
LaTeX Info: Redefining \ldots on input line 496.
LaTeX Info: Redefining \dots on input line 499.
LaTeX Info: Redefining \cdots on input line 620.
\Mathstrutbox@=\box50
\strutbox@=\box51
\big@size=\dimen141
LaTeX Font Info:    Redeclaring font encoding OML on input line 743.
LaTeX Font Info:    Redeclaring font encoding OMS on input line 744.
\macc@depth=\count198
\c@MaxMatrixCols=\count199
\dotsspace@=\muskip16
\c@parentequation=\count266
\dspbrk@lvl=\count267
\tag@help=\toks17
\row@=\count268
\column@=\count269
\maxfields@=\count270
\andhelp@=\toks18
\eqnshift@=\dimen142
\alignsep@=\dimen143
\tagshift@=\dimen144
\tagwidth@=\dimen145
\totwidth@=\dimen146
\lineht@=\dimen147
\@envbody=\toks19
\multlinegap=\skip50
\multlinetaggap=\skip51
\mathdisplay@stack=\toks20
LaTeX Info: Redefining \[ on input line 2938.
LaTeX Info: Redefining \] on input line 2939.
) (/Users/davidlapuma/Library/TinyTeX/texmf-dist/tex/latex/amsfonts/amssymb.sty
Package: amssymb 2013/01/14 v3.01 AMS font symbols
(/Users/davidlapuma/Library/TinyTeX/texmf-dist/tex/latex/amsfonts/amsfonts.sty
Package: amsfonts 2013/01/14 v3.01 Basic AMSFonts support
\symAMSa=\mathgroup4
\symAMSb=\mathgroup5
LaTeX Font Info:    Redeclaring math symbol \hbar on input line 98.
LaTeX Font Info:    Overwriting math alphabet `\mathfrak' in version `bold'
(Font)                  U/euf/m/n --> U/euf/b/n on input line 106.
)) (/Users/davidlapuma/Library/TinyTeX/texmf-dist/tex/latex/lm/lmodern.sty
Package: lmodern 2015/05/01 v1.6.1 Latin Modern Fonts
LaTeX Font Info:    Overwriting symbol font `operators' in version `normal'
(Font)                  OT1/cmr/m/n --> OT1/lmr/m/n on input line 22.
LaTeX Font Info:    Overwriting symbol font `letters' in version `normal'
(Font)                  OML/cmm/m/it --> OML/lmm/m/it on input line 23.
LaTeX Font Info:    Overwriting symbol font `symbols' in version `normal'
(Font)                  OMS/cmsy/m/n --> OMS/lmsy/m/n on input line 24.
LaTeX Font Info:    Overwriting symbol font `largesymbols' in version `normal'
(Font)                  OMX/cmex/m/n --> OMX/lmex/m/n on input line 25.
LaTeX Font Info:    Overwriting symbol font `operators' in version `bold'
(Font)                  OT1/cmr/bx/n --> OT1/lmr/bx/n on input line 26.
LaTeX Font Info:    Overwriting symbol font `letters' in version `bold'
(Font)                  OML/cmm/b/it --> OML/lmm/b/it on input line 27.
LaTeX Font Info:    Overwriting symbol font `symbols' in version `bold'
(Font)                  OMS/cmsy/b/n --> OMS/lmsy/b/n on input line 28.
LaTeX Font Info:    Overwriting symbol font `largesymbols' in version `bold'
(Font)                  OMX/cmex/m/n --> OMX/lmex/m/n on input line 29.
LaTeX Font Info:    Overwriting math alphabet `\mathbf' in version `normal'
(Font)                  OT1/cmr/bx/n --> OT1/lmr/bx/n on input line 31.
LaTeX Font Info:    Overwriting math alphabet `\mathsf' in version `normal'
(Font)                  OT1/cmss/m/n --> OT1/lmss/m/n on input line 32.
LaTeX Font Info:    Overwriting math alphabet `\mathit' in version `normal'
(Font)                  OT1/cmr/m/it --> OT1/lmr/m/it on input line 33.
LaTeX Font Info:    Overwriting math alphabet `\mathtt' in version `normal'
(Font)                  OT1/cmtt/m/n --> OT1/lmtt/m/n on input line 34.
LaTeX Font Info:    Overwriting math alphabet `\mathbf' in version `bold'
(Font)                  OT1/cmr/bx/n --> OT1/lmr/bx/n on input line 35.
LaTeX Font Info:    Overwriting math alphabet `\mathsf' in version `bold'
(Font)                  OT1/cmss/bx/n --> OT1/lmss/bx/n on input line 36.
LaTeX Font Info:    Overwriting math alphabet `\mathit' in version `bold'
(Font)                  OT1/cmr/bx/it --> OT1/lmr/bx/it on input line 37.
LaTeX Font Info:    Overwriting math alphabet `\mathtt' in version `bold'
(Font)                  OT1/cmtt/m/n --> OT1/lmtt/m/n on input line 38.
) (/Users/davidlapuma/Library/TinyTeX/texmf-dist/tex/generic/iftex/ifxetex.sty
Package: ifxetex 2019/10/25 v0.7 ifxetex legacy package. Use iftex instead.
(/Users/davidlapuma/Library/TinyTeX/texmf-dist/tex/generic/iftex/iftex.sty
Package: iftex 2022/02/03 v1.0f TeX engine tests
)) (/Users/davidlapuma/Library/TinyTeX/texmf-dist/tex/generic/iftex/ifluatex.st
y
Package: ifluatex 2019/10/25 v1.5 ifluatex legacy package. Use iftex instead.
) (/Users/davidlapuma/Library/TinyTeX/texmf-dist/tex/latex/base/fontenc.sty
Package: fontenc 2021/04/29 v2.0v Standard LaTeX package
LaTeX Font Info:    Trying to load font information for T1+lmr on input line 11
2.
(/Users/davidlapuma/Library/TinyTeX/texmf-dist/tex/latex/lm/t1lmr.fd
File: t1lmr.fd 2015/05/01 v1.6.1 Font defs for Latin Modern
)) (/Users/davidlapuma/Library/TinyTeX/texmf-dist/tex/latex/base/inputenc.sty
Package: inputenc 2021/02/14 v1.3d Input encoding file
\inpenc@prehook=\toks21
\inpenc@posthook=\toks22
) (/Users/davidlapuma/Library/TinyTeX/texmf-dist/tex/latex/base/textcomp.sty
Package: textcomp 2020/02/02 v2.0n Standard LaTeX package
) (/Users/davidlapuma/Library/TinyTeX/texmf-dist/tex/latex/parskip/parskip.sty
Package: parskip 2021-03-14 v2.0h non-zero parskip adjustments

(/Users/davidlapuma/Library/TinyTeX/texmf-dist/tex/latex/kvoptions/kvoptions.st
y
Package: kvoptions 2020-10-07 v3.14 Key value format for package options (HO)
(/Users/davidlapuma/Library/TinyTeX/texmf-dist/tex/latex/graphics/keyval.sty
Package: keyval 2014/10/28 v1.15 key=value parser (DPC)
\KV@toks@=\toks23
) (/Users/davidlapuma/Library/TinyTeX/texmf-dist/tex/generic/ltxcmds/ltxcmds.st
y
Package: ltxcmds 2020-05-10 v1.25 LaTeX kernel commands for general use (HO)
)
(/Users/davidlapuma/Library/TinyTeX/texmf-dist/tex/generic/kvsetkeys/kvsetkeys.
sty
Package: kvsetkeys 2019/12/15 v1.18 Key value parser (HO)
)) (/Users/davidlapuma/Library/TinyTeX/texmf-dist/tex/latex/etoolbox/etoolbox.s
ty
Package: etoolbox 2020/10/05 v2.5k e-TeX tools for LaTeX (JAW)
\etb@tempcnta=\count271
)) (/Users/davidlapuma/Library/TinyTeX/texmf-dist/tex/latex/xcolor/xcolor.sty
Package: xcolor 2021/10/31 v2.13 LaTeX color extensions (UK)

(/Users/davidlapuma/Library/TinyTeX/texmf-dist/tex/latex/graphics-cfg/color.cfg
File: color.cfg 2016/01/02 v1.6 sample color configuration
)
Package xcolor Info: Driver file: pdftex.def on input line 227.

(/Users/davidlapuma/Library/TinyTeX/texmf-dist/tex/latex/graphics-def/pdftex.de
f
File: pdftex.def 2020/10/05 v1.2a Graphics/color driver for pdftex
)
Package xcolor Info: Model `cmy' substituted by `cmy0' on input line 1352.
Package xcolor Info: Model `hsb' substituted by `rgb' on input line 1356.
Package xcolor Info: Model `RGB' extended on input line 1368.
Package xcolor Info: Model `HTML' substituted by `rgb' on input line 1370.
Package xcolor Info: Model `Hsb' substituted by `hsb' on input line 1371.
Package xcolor Info: Model `tHsb' substituted by `hsb' on input line 1372.
Package xcolor Info: Model `HSB' substituted by `hsb' on input line 1373.
Package xcolor Info: Model `Gray' substituted by `gray' on input line 1374.
Package xcolor Info: Model `wave' substituted by `hsb' on input line 1375.
) (/Users/davidlapuma/Library/TinyTeX/texmf-dist/tex/latex/hyperref/hyperref.st
y
Package: hyperref 2022-02-21 v7.00n Hypertext links for LaTeX

(/Users/davidlapuma/Library/TinyTeX/texmf-dist/tex/generic/pdftexcmds/pdftexcmd
s.sty
Package: pdftexcmds 2020-06-27 v0.33 Utility functions of pdfTeX for LuaTeX (HO
)

(/Users/davidlapuma/Library/TinyTeX/texmf-dist/tex/generic/infwarerr/infwarerr.
sty
Package: infwarerr 2019/12/03 v1.5 Providing info/warning/error messages (HO)
)
Package pdftexcmds Info: \pdf@primitive is available.
Package pdftexcmds Info: \pdf@ifprimitive is available.
Package pdftexcmds Info: \pdfdraftmode found.
)
(/Users/davidlapuma/Library/TinyTeX/texmf-dist/tex/generic/kvdefinekeys/kvdefin
ekeys.sty
Package: kvdefinekeys 2019-12-19 v1.6 Define keys (HO)
)
(/Users/davidlapuma/Library/TinyTeX/texmf-dist/tex/generic/pdfescape/pdfescape.
sty
Package: pdfescape 2019/12/09 v1.15 Implements pdfTeX's escape features (HO)
) (/Users/davidlapuma/Library/TinyTeX/texmf-dist/tex/latex/hycolor/hycolor.sty
Package: hycolor 2020-01-27 v1.10 Color options for hyperref/bookmark (HO)
)
(/Users/davidlapuma/Library/TinyTeX/texmf-dist/tex/latex/letltxmacro/letltxmacr
o.sty
Package: letltxmacro 2019/12/03 v1.6 Let assignment for LaTeX macros (HO)
) (/Users/davidlapuma/Library/TinyTeX/texmf-dist/tex/latex/auxhook/auxhook.sty
Package: auxhook 2019-12-17 v1.6 Hooks for auxiliary files (HO)
)
\@linkdim=\dimen148
\Hy@linkcounter=\count272
\Hy@pagecounter=\count273
(/Users/davidlapuma/Library/TinyTeX/texmf-dist/tex/latex/hyperref/pd1enc.def
File: pd1enc.def 2022-02-21 v7.00n Hyperref: PDFDocEncoding definition (HO)
Now handling font encoding PD1 ...
... no UTF-8 mapping file for font encoding PD1
) (/Users/davidlapuma/Library/TinyTeX/texmf-dist/tex/generic/intcalc/intcalc.st
y
Package: intcalc 2019/12/15 v1.3 Expandable calculations with integers (HO)
)
(/Users/davidlapuma/Library/TinyTeX/texmf-dist/tex/generic/etexcmds/etexcmds.st
y
Package: etexcmds 2019/12/15 v1.7 Avoid name clashes with e-TeX commands (HO)
)
\Hy@SavedSpaceFactor=\count274
(/Users/davidlapuma/Library/TinyTeX/texmf-dist/tex/latex/hyperref/puenc.def
File: puenc.def 2022-02-21 v7.00n Hyperref: PDF Unicode definition (HO)
Now handling font encoding PU ...
... no UTF-8 mapping file for font encoding PU
)
Package hyperref Info: Option `unicode' set `true' on input line 4018.
Package hyperref Info: Hyper figures OFF on input line 4137.
Package hyperref Info: Link nesting OFF on input line 4142.
Package hyperref Info: Hyper index ON on input line 4145.
Package hyperref Info: Plain pages OFF on input line 4152.
Package hyperref Info: Backreferencing OFF on input line 4157.
Package hyperref Info: Implicit mode ON; LaTeX internals redefined.
Package hyperref Info: Bookmarks ON on input line 4390.
\c@Hy@tempcnt=\count275
(/Users/davidlapuma/Library/TinyTeX/texmf-dist/tex/latex/url/url.sty
\Urlmuskip=\muskip17
Package: url 2013/09/16  ver 3.4  Verb mode for urls, etc.
)
LaTeX Info: Redefining \url on input line 4749.
\XeTeXLinkMargin=\dimen149
(/Users/davidlapuma/Library/TinyTeX/texmf-dist/tex/generic/bitset/bitset.sty
Package: bitset 2019/12/09 v1.3 Handle bit-vector datatype (HO)

(/Users/davidlapuma/Library/TinyTeX/texmf-dist/tex/generic/bigintcalc/bigintcal
c.sty
Package: bigintcalc 2019/12/15 v1.5 Expandable calculations on big integers (HO
)
))
\Fld@menulength=\count276
\Field@Width=\dimen150
\Fld@charsize=\dimen151
Package hyperref Info: Hyper figures OFF on input line 6027.
Package hyperref Info: Link nesting OFF on input line 6032.
Package hyperref Info: Hyper index ON on input line 6035.
Package hyperref Info: backreferencing OFF on input line 6042.
Package hyperref Info: Link coloring OFF on input line 6047.
Package hyperref Info: Link coloring with OCG OFF on input line 6052.
Package hyperref Info: PDF/A mode OFF on input line 6057.
LaTeX Info: Redefining \ref on input line 6097.
LaTeX Info: Redefining \pageref on input line 6101.
(/Users/davidlapuma/Library/TinyTeX/texmf-dist/tex/latex/base/atbegshi-ltx.sty
Package: atbegshi-ltx 2021/01/10 v1.0c Emulation of the original atbegshi
package with kernel methods
)
\Hy@abspage=\count277
\c@Item=\count278
\c@Hfootnote=\count279
)
Package hyperref Info: Driver (autodetected): hpdftex.
(/Users/davidlapuma/Library/TinyTeX/texmf-dist/tex/latex/hyperref/hpdftex.def
File: hpdftex.def 2022-02-21 v7.00n Hyperref driver for pdfTeX

(/Users/davidlapuma/Library/TinyTeX/texmf-dist/tex/latex/base/atveryend-ltx.sty
Package: atveryend-ltx 2020/08/19 v1.0a Emulation of the original atveryend pac
kage
with kernel methods
)
\Fld@listcount=\count280
\c@bookmark@seq@number=\count281

(/Users/davidlapuma/Library/TinyTeX/texmf-dist/tex/latex/rerunfilecheck/rerunfi
lecheck.sty
Package: rerunfilecheck 2019/12/05 v1.9 Rerun checks for auxiliary files (HO)

(/Users/davidlapuma/Library/TinyTeX/texmf-dist/tex/generic/uniquecounter/unique
counter.sty
Package: uniquecounter 2019/12/15 v1.4 Provide unlimited unique counter (HO)
)
Package uniquecounter Info: New unique counter `rerunfilecheck' on input line 2
86.
)
\Hy@SectionHShift=\skip52
) (/Users/davidlapuma/Library/TinyTeX/texmf-dist/tex/latex/geometry/geometry.st
y
Package: geometry 2020/01/02 v5.9 Page Geometry
(/Users/davidlapuma/Library/TinyTeX/texmf-dist/tex/generic/iftex/ifvtex.sty
Package: ifvtex 2019/10/25 v1.7 ifvtex legacy package. Use iftex instead.
)
\Gm@cnth=\count282
\Gm@cntv=\count283
\c@Gm@tempcnt=\count284
\Gm@bindingoffset=\dimen152
\Gm@wd@mp=\dimen153
\Gm@odd@mp=\dimen154
\Gm@even@mp=\dimen155
\Gm@layoutwidth=\dimen156
\Gm@layoutheight=\dimen157
\Gm@layouthoffset=\dimen158
\Gm@layoutvoffset=\dimen159
\Gm@dimlist=\toks24
) (/Users/davidlapuma/Library/TinyTeX/texmf-dist/tex/latex/graphics/graphicx.st
y
Package: graphicx 2021/09/16 v1.2d Enhanced LaTeX Graphics (DPC,SPQR)
(/Users/davidlapuma/Library/TinyTeX/texmf-dist/tex/latex/graphics/graphics.sty
Package: graphics 2021/03/04 v1.4d Standard LaTeX Graphics (DPC,SPQR)
(/Users/davidlapuma/Library/TinyTeX/texmf-dist/tex/latex/graphics/trig.sty
Package: trig 2021/08/11 v1.11 sin cos tan (DPC)
)
(/Users/davidlapuma/Library/TinyTeX/texmf-dist/tex/latex/graphics-cfg/graphics.
cfg
File: graphics.cfg 2016/06/04 v1.11 sample graphics configuration
)
Package graphics Info: Driver file: pdftex.def on input line 107.
)
\Gin@req@height=\dimen160
\Gin@req@width=\dimen161
)
(/Users/davidlapuma/Library/TinyTeX/texmf-dist/tex/latex/l3backend/l3backend-pd
ftex.def
File: l3backend-pdftex.def 2022-02-07 L3 backend support: PDF output (pdfTeX)
\l__color_backend_stack_int=\count285
\l__pdf_internal_box=\box52
) (./CTT-Node-User-Guide.aux

LaTeX Warning: Label `id' multiply defined.


LaTeX Warning: Label `id' multiply defined.


LaTeX Warning: Label `id' multiply defined.


LaTeX Warning: Label `id' multiply defined.


LaTeX Warning: Label `id' multiply defined.


LaTeX Warning: Label `id' multiply defined.


LaTeX Warning: Label `id' multiply defined.


LaTeX Warning: Label `id' multiply defined.


LaTeX Warning: Label `id' multiply defined.


LaTeX Warning: Label `id' multiply defined.


LaTeX Warning: Label `id' multiply defined.


LaTeX Warning: Label `id' multiply defined.


LaTeX Warning: Label `id' multiply defined.


LaTeX Warning: Label `id' multiply defined.


LaTeX Warning: Label `id' multiply defined.


LaTeX Warning: Label `id' multiply defined.


LaTeX Warning: Label `id' multiply defined.


LaTeX Warning: Label `id' multiply defined.


LaTeX Warning: Label `id' multiply defined.


LaTeX Warning: Label `id' multiply defined.


LaTeX Warning: Label `id' multiply defined.


LaTeX Warning: Label `id' multiply defined.


LaTeX Warning: Label `id' multiply defined.


LaTeX Warning: Label `id' multiply defined.


LaTeX Warning: Label `id' multiply defined.


LaTeX Warning: Label `id' multiply defined.


LaTeX Warning: Label `id' multiply defined.


LaTeX Warning: Label `id' multiply defined.

)
\openout1 = `CTT-Node-User-Guide.aux'.

LaTeX Font Info:    Checking defaults for OML/cmm/m/it on input line 71.
LaTeX Font Info:    ... okay on input line 71.
LaTeX Font Info:    Checking defaults for OMS/cmsy/m/n on input line 71.
LaTeX Font Info:    ... okay on input line 71.
LaTeX Font Info:    Checking defaults for OT1/cmr/m/n on input line 71.
LaTeX Font Info:    ... okay on input line 71.
LaTeX Font Info:    Checking defaults for T1/cmr/m/n on input line 71.
LaTeX Font Info:    ... okay on input line 71.
LaTeX Font Info:    Checking defaults for TS1/cmr/m/n on input line 71.
LaTeX Font Info:    ... okay on input line 71.
LaTeX Font Info:    Checking defaults for OMX/cmex/m/n on input line 71.
LaTeX Font Info:    ... okay on input line 71.
LaTeX Font Info:    Checking defaults for U/cmr/m/n on input line 71.
LaTeX Font Info:    ... okay on input line 71.
LaTeX Font Info:    Checking defaults for PD1/pdf/m/n on input line 71.
LaTeX Font Info:    ... okay on input line 71.
LaTeX Font Info:    Checking defaults for PU/pdf/m/n on input line 71.
LaTeX Font Info:    ... okay on input line 71.

(/Users/davidlapuma/Library/TinyTeX/texmf-dist/tex/latex/epstopdf-pkg/epstopdf-
base.sty
Package: epstopdf-base 2020-01-24 v2.11 Base part for package epstopdf
Package epstopdf-base Info: Redefining graphics rule for `.eps' on input line 4
85.

(/Users/davidlapuma/Library/TinyTeX/texmf-dist/tex/latex/latexconfig/epstopdf-s
ys.cfg
File: epstopdf-sys.cfg 2010/07/13 v1.3 Configuration of (r)epstopdf for TeX Liv
e
))
Package hyperref Info: Link coloring OFF on input line 71.
(/Users/davidlapuma/Library/TinyTeX/texmf-dist/tex/latex/hyperref/nameref.sty
Package: nameref 2021-04-02 v2.47 Cross-referencing by name of section
(/Users/davidlapuma/Library/TinyTeX/texmf-dist/tex/latex/refcount/refcount.sty
Package: refcount 2019/12/15 v3.6 Data extraction from label references (HO)
)
(/Users/davidlapuma/Library/TinyTeX/texmf-dist/tex/generic/gettitlestring/getti
tlestring.sty
Package: gettitlestring 2019/12/15 v1.6 Cleanup title references (HO)
)
\c@section@level=\count286
)
LaTeX Info: Redefining \ref on input line 71.
LaTeX Info: Redefining \pageref on input line 71.
LaTeX Info: Redefining \nameref on input line 71.
(./CTT-Node-User-Guide.out) (./CTT-Node-User-Guide.out)
\@outlinefile=\write3
\openout3 = `CTT-Node-User-Guide.out'.

*geometry* driver: auto-detecting
*geometry* detected driver: pdftex
*geometry* verbose mode - [ preamble ] result:
* driver: pdftex
* paper: <default>
* layout: <same size as paper>
* layoutoffset:(h,v)=(0.0pt,0.0pt)
* modes: 
* h-part:(L,W,R)=(72.26999pt, 469.75502pt, 72.26999pt)
* v-part:(T,H,B)=(72.26999pt, 650.43001pt, 72.26999pt)
* \paperwidth=614.295pt
* \paperheight=794.96999pt
* \textwidth=469.75502pt
* \textheight=650.43001pt
* \oddsidemargin=0.0pt
* \evensidemargin=0.0pt
* \topmargin=-37.0pt
* \headheight=12.0pt
* \headsep=25.0pt
* \topskip=10.0pt
* \footskip=30.0pt
* \marginparwidth=65.0pt
* \marginparsep=11.0pt
* \columnsep=10.0pt
* \skip\footins=9.0pt plus 4.0pt minus 2.0pt
* \hoffset=0.0pt
* \voffset=0.0pt
* \mag=1000
* \@twocolumnfalse
* \@twosidefalse
* \@mparswitchfalse
* \@reversemarginfalse
* (1in=72.27pt=25.4mm, 1cm=28.453pt)

</Users/davidlapuma/Dropbox/CTT_Git/ctt_documentation/images/ctt_logo.png, id=9
2, 301.125pt x 117.43875pt>
File: /Users/davidlapuma/Dropbox/CTT_Git/ctt_documentation/images/ctt_logo.png 
Graphic file (type png)
<use /Users/davidlapuma/Dropbox/CTT_Git/ctt_documentation/images/ctt_logo.png>
Package pdftex.def Info: /Users/davidlapuma/Dropbox/CTT_Git/ctt_documentation/i
mages/ctt_logo.png  used on input line 73.
(pdftex.def)             Requested size: 216.81902pt x 84.5594pt.
LaTeX Font Info:    Trying to load font information for OT1+lmr on input line 7
3.
(/Users/davidlapuma/Library/TinyTeX/texmf-dist/tex/latex/lm/ot1lmr.fd
File: ot1lmr.fd 2015/05/01 v1.6.1 Font defs for Latin Modern
)
LaTeX Font Info:    Trying to load font information for OML+lmm on input line 7
3.
(/Users/davidlapuma/Library/TinyTeX/texmf-dist/tex/latex/lm/omllmm.fd
File: omllmm.fd 2015/05/01 v1.6.1 Font defs for Latin Modern
)
LaTeX Font Info:    Trying to load font information for OMS+lmsy on input line 
73.
(/Users/davidlapuma/Library/TinyTeX/texmf-dist/tex/latex/lm/omslmsy.fd
File: omslmsy.fd 2015/05/01 v1.6.1 Font defs for Latin Modern
)
LaTeX Font Info:    Trying to load font information for OMX+lmex on input line 
73.
(/Users/davidlapuma/Library/TinyTeX/texmf-dist/tex/latex/lm/omxlmex.fd
File: omxlmex.fd 2015/05/01 v1.6.1 Font defs for Latin Modern
)
LaTeX Font Info:    External font `lmex10' loaded for size
(Font)              <12> on input line 73.
LaTeX Font Info:    External font `lmex10' loaded for size
(Font)              <8> on input line 73.
LaTeX Font Info:    External font `lmex10' loaded for size
(Font)              <6> on input line 73.
LaTeX Font Info:    Trying to load font information for U+msa on input line 73.

(/Users/davidlapuma/Library/TinyTeX/texmf-dist/tex/latex/amsfonts/umsa.fd
File: umsa.fd 2013/01/14 v3.01 AMS symbols A
)
LaTeX Font Info:    Trying to load font information for U+msb on input line 73.

(/Users/davidlapuma/Library/TinyTeX/texmf-dist/tex/latex/amsfonts/umsb.fd
File: umsb.fd 2013/01/14 v3.01 AMS symbols B
) (./CTT-Node-User-Guide.toc
LaTeX Font Info:    External font `lmex10' loaded for size
(Font)              <10> on input line 2.
LaTeX Font Info:    External font `lmex10' loaded for size
(Font)              <7> on input line 2.
LaTeX Font Info:    External font `lmex10' loaded for size
(Font)              <5> on input line 2.
)
\tf@toc=\write4
\openout4 = `CTT-Node-User-Guide.toc'.

LaTeX Font Info:    Trying to load font information for TS1+lmr on input line 8
1.
(/Users/davidlapuma/Library/TinyTeX/texmf-dist/tex/latex/lm/ts1lmr.fd
File: ts1lmr.fd 2015/05/01 v1.6.1 Font defs for Latin Modern
) [1

{/Users/davidlapuma/Library/TinyTeX/texmf-var/fonts/map/pdftex/updmap/pdftex.ma
p} </Users/davidlapuma/Dropbox/CTT_Git/ctt_documentation/images/ctt_logo.png>]
LaTeX Font Info:    Trying to load font information for T1+lmtt on input line 1
00.
(/Users/davidlapuma/Library/TinyTeX/texmf-dist/tex/latex/lm/t1lmtt.fd
File: t1lmtt.fd 2015/05/01 v1.6.1 Font defs for Latin Modern
)
</Users/davidlapuma/Dropbox/CTT_Git/ctt_documentation/images/NodesOnSensorStati
on.png, id=131, 955.57pt x 289.08pt>
File: /Users/davidlapuma/Dropbox/CTT_Git/ctt_documentation/images/NodesOnSensor
Station.png Graphic file (type png)
<use /Users/davidlapuma/Dropbox/CTT_Git/ctt_documentation/images/NodesOnSensorS
tation.png>
Package pdftex.def Info: /Users/davidlapuma/Dropbox/CTT_Git/ctt_documentation/i
mages/NodesOnSensorStation.png  used on input line 164.
(pdftex.def)             Requested size: 352.316pt x 106.58298pt.
</Users/davidlapuma/Dropbox/CTT_Git/ctt_documentation/images/NodeDataOnSensorSt
ation.png, id=133, 701.62125pt x 654.445pt>
File: /Users/davidlapuma/Dropbox/CTT_Git/ctt_documentation/images/NodeDataOnSen
sorStation.png Graphic file (type png)
<use /Users/davidlapuma/Dropbox/CTT_Git/ctt_documentation/images/NodeDataOnSens
orStation.png>
Package pdftex.def Info: /Users/davidlapuma/Dropbox/CTT_Git/ctt_documentation/i
mages/NodeDataOnSensorStation.png  used on input line 192.
(pdftex.def)             Requested size: 352.31927pt x 328.62973pt.
[2] [3pdfTeX warning (ext4): destination with the same identifier (name{id}) ha
s been already used, duplicate ignored
<argument> ...shipout:D \box_use:N \l_shipout_box 
                                                  \__shipout_drop_firstpage_...
l.208   P
         lace your nodes in the field within 1-1.5km of your SensorStation. </U
sers/davidlapuma/Dropbox/CTT_Git/ctt_documentation/images/NodesOnSensorStation.
png> </Users/davidlapuma/Dropbox/CTT_Git/ctt_documentation/images/NodeDataOnSen
sorStation.png>]pdfTeX warning (ext4): destination with the same identifier (na
me{id}) has been already used, duplicate ignored
<to be read again> 
                   \relax 
l.247 }
       
</Users/davidlapuma/Dropbox/CTT_Git/ctt_documentation/images/NodeWrapped(1).jpg
, id=161, 2932.9575pt x 2932.9575pt>
File: /Users/davidlapuma/Dropbox/CTT_Git/ctt_documentation/images/NodeWrapped(1
).jpg Graphic file (type jpg)
<use /Users/davidlapuma/Dropbox/CTT_Git/ctt_documentation/images/NodeWrapped(1)
.jpg>
Package pdftex.def Info: /Users/davidlapuma/Dropbox/CTT_Git/ctt_documentation/i
mages/NodeWrapped(1).jpg  used on input line 247.
(pdftex.def)             Requested size: 234.86516pt x 234.86516pt.
pdfTeX warning (ext4): destination with the same identifier (name{id}) has been
 already used, duplicate ignored
<to be read again> 
                   \relax 
l.261 }
       
</Users/davidlapuma/Dropbox/CTT_Git/ctt_documentation/images/NodeUnwrapped(2).j
pg, id=162, 2466.21375pt x 2466.21375pt>
File: /Users/davidlapuma/Dropbox/CTT_Git/ctt_documentation/images/NodeUnwrapped
(2).jpg Graphic file (type jpg)
<use /Users/davidlapuma/Dropbox/CTT_Git/ctt_documentation/images/NodeUnwrapped(
2).jpg>
Package pdftex.def Info: /Users/davidlapuma/Dropbox/CTT_Git/ctt_documentation/i
mages/NodeUnwrapped(2).jpg  used on input line 261.
(pdftex.def)             Requested size: 234.85721pt x 234.85721pt.
[4 </Users/davidlapuma/Dropbox/CTT_Git/ctt_documentation/images/NodeWrapped(1).
jpg>]pdfTeX warning (ext4): destination with the same identifier (name{id}) has
 been already used, duplicate ignored
<to be read again> 
                   \relax 
l.278 }
       
</Users/davidlapuma/Dropbox/CTT_Git/ctt_documentation/images/NodeMagnet(3).jpg,
 id=175, 3032.32875pt x 3032.32875pt>
File: /Users/davidlapuma/Dropbox/CTT_Git/ctt_documentation/images/NodeMagnet(3)
.jpg Graphic file (type jpg)
<use /Users/davidlapuma/Dropbox/CTT_Git/ctt_documentation/images/NodeMagnet(3).
jpg>
Package pdftex.def Info: /Users/davidlapuma/Dropbox/CTT_Git/ctt_documentation/i
mages/NodeMagnet(3).jpg  used on input line 278.
(pdftex.def)             Requested size: 234.86424pt x 234.86424pt.
pdfTeX warning (ext4): destination with the same identifier (name{id}) has been
 already used, duplicate ignored
<to be read again> 
                   \relax 
l.298 }
       
</Users/davidlapuma/Dropbox/CTT_Git/ctt_documentation/images/NodeBernheim.jpg, 
id=176, 3035.34pt x 4047.12pt>
File: /Users/davidlapuma/Dropbox/CTT_Git/ctt_documentation/images/NodeBernheim.
jpg Graphic file (type jpg)
<use /Users/davidlapuma/Dropbox/CTT_Git/ctt_documentation/images/NodeBernheim.j
pg>
Package pdftex.def Info: /Users/davidlapuma/Dropbox/CTT_Git/ctt_documentation/i
mages/NodeBernheim.jpg  used on input line 298.
(pdftex.def)             Requested size: 234.86589pt x 313.15453pt.
pdfTeX warning (ext4): destination with the same identifier (name{id}) has been
 already used, duplicate ignored
<to be read again> 
                   \relax 
l.307 }
       
</Users/davidlapuma/Dropbox/CTT_Git/ctt_documentation/images/NodeMeadows.jpg, i
d=177, 1378.14874pt x 2356.805pt>
File: /Users/davidlapuma/Dropbox/CTT_Git/ctt_documentation/images/NodeMeadows.j
pg Graphic file (type jpg)
<use /Users/davidlapuma/Dropbox/CTT_Git/ctt_documentation/images/NodeMeadows.jp
g>
Package pdftex.def Info: /Users/davidlapuma/Dropbox/CTT_Git/ctt_documentation/i
mages/NodeMeadows.jpg  used on input line 307.
(pdftex.def)             Requested size: 234.87099pt x 401.6585pt.
[5 </Users/davidlapuma/Dropbox/CTT_Git/ctt_documentation/images/NodeUnwrapped(2
).jpg>] [6 </Users/davidlapuma/Dropbox/CTT_Git/ctt_documentation/images/NodeMag
net(3).jpg> </Users/davidlapuma/Dropbox/CTT_Git/ctt_documentation/images/NodeBe
rnheim.jpg>] [7 </Users/davidlapuma/Dropbox/CTT_Git/ctt_documentation/images/No
deMeadows.jpg>]pdfTeX warning (ext4): destination with the same identifier (nam
e{id}) has been already used, duplicate ignored
<to be read again> 
                   \relax 
l.358 }
       
</Users/davidlapuma/Dropbox/CTT_Git/ctt_documentation/images/NodeUSBCover(5).jp
g, id=199, 3034.33624pt x 3034.33624pt>
File: /Users/davidlapuma/Dropbox/CTT_Git/ctt_documentation/images/NodeUSBCover(
5).jpg Graphic file (type jpg)
<use /Users/davidlapuma/Dropbox/CTT_Git/ctt_documentation/images/NodeUSBCover(5
).jpg>
Package pdftex.def Info: /Users/davidlapuma/Dropbox/CTT_Git/ctt_documentation/i
mages/NodeUSBCover(5).jpg  used on input line 358.
(pdftex.def)             Requested size: 234.83453pt x 234.83453pt.
pdfTeX warning (ext4): destination with the same identifier (name{id}) has been
 already used, duplicate ignored
<to be read again> 
                   \relax 
l.366 }
       
</Users/davidlapuma/Dropbox/CTT_Git/ctt_documentation/images/NodeUSBPort(6).jpg
, id=200, 2963.07pt x 3028.31375pt>
File: /Users/davidlapuma/Dropbox/CTT_Git/ctt_documentation/images/NodeUSBPort(6
).jpg Graphic file (type jpg)
<use /Users/davidlapuma/Dropbox/CTT_Git/ctt_documentation/images/NodeUSBPort(6)
.jpg>
Package pdftex.def Info: /Users/davidlapuma/Dropbox/CTT_Git/ctt_documentation/i
mages/NodeUSBPort(6).jpg  used on input line 366.
(pdftex.def)             Requested size: 234.83502pt x 240.00584pt.
pdfTeX warning (ext4): destination with the same identifier (name{id}) has been
 already used, duplicate ignored
<to be read again> 
                   \relax 
l.374 }
       
</Users/davidlapuma/Dropbox/CTT_Git/ctt_documentation/images/NodeUSBAdapterIn(8
).jpg, id=201, 3034.33624pt x 3034.33624pt>
File: /Users/davidlapuma/Dropbox/CTT_Git/ctt_documentation/images/NodeUSBAdapte
rIn(8).jpg Graphic file (type jpg)
<use /Users/davidlapuma/Dropbox/CTT_Git/ctt_documentation/images/NodeUSBAdapter
In(8).jpg>
Package pdftex.def Info: /Users/davidlapuma/Dropbox/CTT_Git/ctt_documentation/i
mages/NodeUSBAdapterIn(8).jpg  used on input line 374.
(pdftex.def)             Requested size: 234.83453pt x 234.83453pt.
pdfTeX warning (ext4): destination with the same identifier (name{id}) has been
 already used, duplicate ignored
<to be read again> 
                   \relax 
l.391 }
       
</Users/davidlapuma/Dropbox/CTT_Git/ctt_documentation/images/NodeScrewOut(9).jp
g, id=202, 3034.33624pt x 3034.33624pt>
File: /Users/davidlapuma/Dropbox/CTT_Git/ctt_documentation/images/NodeScrewOut(
9).jpg Graphic file (type jpg)
<use /Users/davidlapuma/Dropbox/CTT_Git/ctt_documentation/images/NodeScrewOut(9
).jpg>
Package pdftex.def Info: /Users/davidlapuma/Dropbox/CTT_Git/ctt_documentation/i
mages/NodeScrewOut(9).jpg  used on input line 391.
(pdftex.def)             Requested size: 234.83453pt x 234.83453pt.
pdfTeX warning (ext4): destination with the same identifier (name{id}) has been
 already used, duplicate ignored
<to be read again> 
                   \relax 
l.400 }
       
</Users/davidlapuma/Dropbox/CTT_Git/ctt_documentation/images/NodeOpen1(10).jpg,
 id=203, 2205.23875pt x 2205.23875pt>
File: /Users/davidlapuma/Dropbox/CTT_Git/ctt_documentation/images/NodeOpen1(10)
.jpg Graphic file (type jpg)
<use /Users/davidlapuma/Dropbox/CTT_Git/ctt_documentation/images/NodeOpen1(10).
jpg>
Package pdftex.def Info: /Users/davidlapuma/Dropbox/CTT_Git/ctt_documentation/i
mages/NodeOpen1(10).jpg  used on input line 400.
(pdftex.def)             Requested size: 234.87135pt x 234.87135pt.
pdfTeX warning (ext4): destination with the same identifier (name{id}) has been
 already used, duplicate ignored
<to be read again> 
                   \relax 
l.408 }
       
</Users/davidlapuma/Dropbox/CTT_Git/ctt_documentation/images/NodeCloseUpInterna
l(12).jpg, id=204, 2770.35pt x 3001.2125pt>
File: /Users/davidlapuma/Dropbox/CTT_Git/ctt_documentation/images/NodeCloseUpIn
ternal(12).jpg Graphic file (type jpg)
<use /Users/davidlapuma/Dropbox/CTT_Git/ctt_documentation/images/NodeCloseUpInt
ernal(12).jpg>
Package pdftex.def Info: /Users/davidlapuma/Dropbox/CTT_Git/ctt_documentation/i
mages/NodeCloseUpInternal(12).jpg  used on input line 408.
(pdftex.def)             Requested size: 234.8637pt x 254.43567pt.
[8 </Users/davidlapuma/Dropbox/CTT_Git/ctt_documentation/images/NodeUSBCover(5)
.jpg>] [9 </Users/davidlapuma/Dropbox/CTT_Git/ctt_documentation/images/NodeUSBP
ort(6).jpg> </Users/davidlapuma/Dropbox/CTT_Git/ctt_documentation/images/NodeUS
BAdapterIn(8).jpg>] [10 </Users/davidlapuma/Dropbox/CTT_Git/ctt_documentation/i
mages/NodeScrewOut(9).jpg> </Users/davidlapuma/Dropbox/CTT_Git/ctt_documentatio
n/images/NodeOpen1(10).jpg>]
Underfull \hbox (badness 1454) in paragraph at lines 451--455
[]\T1/lmr/m/n/10 Copy the lat-est firmware file (down-load-able from the \T1/lm
tt/m/n/10 #ctt_nodes \T1/lmr/m/n/10 chan-nel in \T1/lmtt/m/n/10 Slack\T1/lmr/m/
n/10 ) ti-tled
 []

[11 </Users/davidlapuma/Dropbox/CTT_Git/ctt_documentation/images/NodeCloseUpInt
ernal(12).jpg>]
</Users/davidlapuma/Dropbox/CTT_Git/ctt_documentation/images/nodeClientFolderSe
lect.png, id=244, 1262.7175pt x 599.23875pt>
File: /Users/davidlapuma/Dropbox/CTT_Git/ctt_documentation/images/nodeClientFol
derSelect.png Graphic file (type png)
<use /Users/davidlapuma/Dropbox/CTT_Git/ctt_documentation/images/nodeClientFold
erSelect.png>
Package pdftex.def Info: /Users/davidlapuma/Dropbox/CTT_Git/ctt_documentation/i
mages/nodeClientFolderSelect.png  used on input line 518.
(pdftex.def)             Requested size: 352.3061pt x 167.19136pt.
pdfTeX warning (ext4): destination with the same identifier (name{id}) has been
 already used, duplicate ignored
<to be read again> 
                   \relax 
l.530 }
       
</Users/davidlapuma/Dropbox/CTT_Git/ctt_documentation/images/binSelect.png, id=
245, 1251.67625pt x 600.2425pt>
File: /Users/davidlapuma/Dropbox/CTT_Git/ctt_documentation/images/binSelect.png
 Graphic file (type png)
<use /Users/davidlapuma/Dropbox/CTT_Git/ctt_documentation/images/binSelect.png>

Package pdftex.def Info: /Users/davidlapuma/Dropbox/CTT_Git/ctt_documentation/i
mages/binSelect.png  used on input line 530.
(pdftex.def)             Requested size: 352.31956pt x 168.95517pt.
pdfTeX warning (ext4): destination with the same identifier (name{id}) has been
 already used, duplicate ignored
<to be read again> 
                   \relax 
l.539 }
       
</Users/davidlapuma/Dropbox/CTT_Git/ctt_documentation/images/DebugSelect.png, i
d=246, 1253.68375pt x 600.2425pt>
File: /Users/davidlapuma/Dropbox/CTT_Git/ctt_documentation/images/DebugSelect.p
ng Graphic file (type png)
<use /Users/davidlapuma/Dropbox/CTT_Git/ctt_documentation/images/DebugSelect.pn
g>
Package pdftex.def Info: /Users/davidlapuma/Dropbox/CTT_Git/ctt_documentation/i
mages/DebugSelect.png  used on input line 539.
(pdftex.def)             Requested size: 352.31075pt x 168.6804pt.
pdfTeX warning (ext4): destination with the same identifier (name{id}) has been
 already used, duplicate ignored
<to be read again> 
                   \relax 
l.551 }
       
</Users/davidlapuma/Dropbox/CTT_Git/ctt_documentation/images/NodeClientSelect.p
ng, id=247, 1250.6725pt x 600.2425pt>
File: /Users/davidlapuma/Dropbox/CTT_Git/ctt_documentation/images/NodeClientSel
ect.png Graphic file (type png)
<use /Users/davidlapuma/Dropbox/CTT_Git/ctt_documentation/images/NodeClientSele
ct.png>
Package pdftex.def Info: /Users/davidlapuma/Dropbox/CTT_Git/ctt_documentation/i
mages/NodeClientSelect.png  used on input line 551.
(pdftex.def)             Requested size: 352.3042pt x 169.08339pt.
pdfTeX warning (ext4): destination with the same identifier (name{id}) has been
 already used, duplicate ignored
<to be read again> 
                   \relax 
l.563 }
       
</Users/davidlapuma/Dropbox/CTT_Git/ctt_documentation/images/NodeClient1.png, i
d=248, 1190.4475pt x 573.14125pt>
File: /Users/davidlapuma/Dropbox/CTT_Git/ctt_documentation/images/NodeClient1.p
ng Graphic file (type png)
<use /Users/davidlapuma/Dropbox/CTT_Git/ctt_documentation/images/NodeClient1.pn
g>
Package pdftex.def Info: /Users/davidlapuma/Dropbox/CTT_Git/ctt_documentation/i
mages/NodeClient1.png  used on input line 563.
(pdftex.def)             Requested size: 352.30518pt x 169.61742pt.
pdfTeX warning (ext4): destination with the same identifier (name{id}) has been
 already used, duplicate ignored
<to be read again> 
                   \relax 
l.584 }
       
</Users/davidlapuma/Dropbox/CTT_Git/ctt_documentation/images/NodeClient2.png, i
d=249, 1189.44376pt x 573.14125pt>
File: /Users/davidlapuma/Dropbox/CTT_Git/ctt_documentation/images/NodeClient2.p
ng Graphic file (type png)
<use /Users/davidlapuma/Dropbox/CTT_Git/ctt_documentation/images/NodeClient2.pn
g>
Package pdftex.def Info: /Users/davidlapuma/Dropbox/CTT_Git/ctt_documentation/i
mages/NodeClient2.png  used on input line 584.
(pdftex.def)             Requested size: 352.31667pt x 169.76608pt.
[12 </Users/davidlapuma/Dropbox/CTT_Git/ctt_documentation/images/nodeClientFold
erSelect.png> </Users/davidlapuma/Dropbox/CTT_Git/ctt_documentation/images/binS
elect.png>] [13 </Users/davidlapuma/Dropbox/CTT_Git/ctt_documentation/images/De
bugSelect.png> </Users/davidlapuma/Dropbox/CTT_Git/ctt_documentation/images/Nod
eClientSelect.png> </Users/davidlapuma/Dropbox/CTT_Git/ctt_documentation/images
/NodeClient1.png>]pdfTeX warning (ext4): destination with the same identifier (
name{id}) has been already used, duplicate ignored
<to be read again> 
                   \relax 
l.599 }
       
</Users/davidlapuma/Dropbox/CTT_Git/ctt_documentation/images/NodeClient3.png, i
d=270, 1183.42125pt x 569.12625pt>
File: /Users/davidlapuma/Dropbox/CTT_Git/ctt_documentation/images/NodeClient3.p
ng Graphic file (type png)
<use /Users/davidlapuma/Dropbox/CTT_Git/ctt_documentation/images/NodeClient3.pn
g>
Package pdftex.def Info: /Users/davidlapuma/Dropbox/CTT_Git/ctt_documentation/i
mages/NodeClient3.png  used on input line 599.
(pdftex.def)             Requested size: 352.30243pt x 169.42789pt.
pdfTeX warning (ext4): destination with the same identifier (name{id}) has been
 already used, duplicate ignored
<to be read again> 
                   \relax 
l.612 }
       
</Users/davidlapuma/Dropbox/CTT_Git/ctt_documentation/images/NodeClient4.png, i
d=271, 1185.42876pt x 570.13pt>
File: /Users/davidlapuma/Dropbox/CTT_Git/ctt_documentation/images/NodeClient4.p
ng Graphic file (type png)
<use /Users/davidlapuma/Dropbox/CTT_Git/ctt_documentation/images/NodeClient4.pn
g>
Package pdftex.def Info: /Users/davidlapuma/Dropbox/CTT_Git/ctt_documentation/i
mages/NodeClient4.png  used on input line 612.
(pdftex.def)             Requested size: 352.32123pt x 169.44832pt.
pdfTeX warning (ext4): destination with the same identifier (name{id}) has been
 already used, duplicate ignored
<to be read again> 
                   \relax 
l.628 }
       
</Users/davidlapuma/Dropbox/CTT_Git/ctt_documentation/images/NodeClient5.png, i
d=272, 1186.4325pt x 571.13374pt>
File: /Users/davidlapuma/Dropbox/CTT_Git/ctt_documentation/images/NodeClient5.p
ng Graphic file (type png)
<use /Users/davidlapuma/Dropbox/CTT_Git/ctt_documentation/images/NodeClient5.pn
g>
Package pdftex.def Info: /Users/davidlapuma/Dropbox/CTT_Git/ctt_documentation/i
mages/NodeClient5.png  used on input line 628.
(pdftex.def)             Requested size: 352.3118pt x 169.59848pt.
pdfTeX warning (ext4): destination with the same identifier (name{id}) has been
 already used, duplicate ignored
<to be read again> 
                   \relax 
l.641 }
       
</Users/davidlapuma/Dropbox/CTT_Git/ctt_documentation/images/NodeClient6.png, i
d=273, 1185.42876pt x 597.23125pt>
File: /Users/davidlapuma/Dropbox/CTT_Git/ctt_documentation/images/NodeClient6.p
ng Graphic file (type png)
<use /Users/davidlapuma/Dropbox/CTT_Git/ctt_documentation/images/NodeClient6.pn
g>
Package pdftex.def Info: /Users/davidlapuma/Dropbox/CTT_Git/ctt_documentation/i
mages/NodeClient6.png  used on input line 641.
(pdftex.def)             Requested size: 352.32123pt x 177.50307pt.
[14 </Users/davidlapuma/Dropbox/CTT_Git/ctt_documentation/images/NodeClient2.pn
g> </Users/davidlapuma/Dropbox/CTT_Git/ctt_documentation/images/NodeClient3.png
>] [15 </Users/davidlapuma/Dropbox/CTT_Git/ctt_documentation/images/NodeClient4
.png> </Users/davidlapuma/Dropbox/CTT_Git/ctt_documentation/images/NodeClient5.
png> </Users/davidlapuma/Dropbox/CTT_Git/ctt_documentation/images/NodeClient6.p
ng>]pdfTeX warning (ext4): destination with the same identifier (name{id}) has 
been already used, duplicate ignored
<to be read again> 
                   \relax 
l.701 }
       
</Users/davidlapuma/Dropbox/CTT_Git/ctt_documentation/images/NodeClient7.png, i
d=293, 1191.45125pt x 568.1225pt>
File: /Users/davidlapuma/Dropbox/CTT_Git/ctt_documentation/images/NodeClient7.p
ng Graphic file (type png)
<use /Users/davidlapuma/Dropbox/CTT_Git/ctt_documentation/images/NodeClient7.pn
g>
Package pdftex.def Info: /Users/davidlapuma/Dropbox/CTT_Git/ctt_documentation/i
mages/NodeClient7.png  used on input line 701.
(pdftex.def)             Requested size: 352.31136pt x 167.99344pt.
pdfTeX warning (ext4): destination with the same identifier (name{id}) has been
 already used, duplicate ignored
<to be read again> 
                   \relax 
l.740 }
       
</Users/davidlapuma/Dropbox/CTT_Git/ctt_documentation/images/NodeClient8.png, i
d=294, 1188.44pt x 569.12625pt>
File: /Users/davidlapuma/Dropbox/CTT_Git/ctt_documentation/images/NodeClient8.p
ng Graphic file (type png)
<use /Users/davidlapuma/Dropbox/CTT_Git/ctt_documentation/images/NodeClient8.pn
g>
Package pdftex.def Info: /Users/davidlapuma/Dropbox/CTT_Git/ctt_documentation/i
mages/NodeClient8.png  used on input line 740.
(pdftex.def)             Requested size: 352.30951pt x 168.71577pt.
[16 </Users/davidlapuma/Dropbox/CTT_Git/ctt_documentation/images/NodeClient7.pn
g>]pdfTeX warning (ext4): destination with the same identifier (name{id}) has b
een already used, duplicate ignored
<to be read again> 
                   \relax 
l.761 }
       
</Users/davidlapuma/Dropbox/CTT_Git/ctt_documentation/images/NodeClient9.png, i
d=304, 1188.44pt x 569.12625pt>
File: /Users/davidlapuma/Dropbox/CTT_Git/ctt_documentation/images/NodeClient9.p
ng Graphic file (type png)
<use /Users/davidlapuma/Dropbox/CTT_Git/ctt_documentation/images/NodeClient9.pn
g>
Package pdftex.def Info: /Users/davidlapuma/Dropbox/CTT_Git/ctt_documentation/i
mages/NodeClient9.png  used on input line 761.
(pdftex.def)             Requested size: 352.30951pt x 168.71577pt.
LaTeX Font Info:    Font shape `T1/lmtt/bx/n' in size <10> not available
(Font)              Font shape `T1/lmtt/b/n' tried instead on input line 771.
pdfTeX warning (ext4): destination with the same identifier (name{id}) has been
 already used, duplicate ignored
<to be read again> 
                   \relax 
l.782 }
       
</Users/davidlapuma/Dropbox/CTT_Git/ctt_documentation/images/NodeClient10.png, 
id=306, 1190.4475pt x 573.14125pt>
File: /Users/davidlapuma/Dropbox/CTT_Git/ctt_documentation/images/NodeClient10.
png Graphic file (type png)
<use /Users/davidlapuma/Dropbox/CTT_Git/ctt_documentation/images/NodeClient10.p
ng>
Package pdftex.def Info: /Users/davidlapuma/Dropbox/CTT_Git/ctt_documentation/i
mages/NodeClient10.png  used on input line 782.
(pdftex.def)             Requested size: 352.30518pt x 169.61742pt.
pdfTeX warning (ext4): destination with the same identifier (name{id}) has been
 already used, duplicate ignored
<to be read again> 
                   \relax 
l.797 }
       
</Users/davidlapuma/Dropbox/CTT_Git/ctt_documentation/images/NodeClient11.png, 
id=307, 1191.45125pt x 570.13pt>
File: /Users/davidlapuma/Dropbox/CTT_Git/ctt_documentation/images/NodeClient11.
png Graphic file (type png)
<use /Users/davidlapuma/Dropbox/CTT_Git/ctt_documentation/images/NodeClient11.p
ng>
Package pdftex.def Info: /Users/davidlapuma/Dropbox/CTT_Git/ctt_documentation/i
mages/NodeClient11.png  used on input line 797.
(pdftex.def)             Requested size: 352.31136pt x 168.58707pt.
pdfTeX warning (ext4): destination with the same identifier (name{id}) has been
 already used, duplicate ignored
<to be read again> 
                   \relax 
l.809 }
       
</Users/davidlapuma/Dropbox/CTT_Git/ctt_documentation/images/NodeClient12.png, 
id=308, 1190.4475pt x 564.1075pt>
File: /Users/davidlapuma/Dropbox/CTT_Git/ctt_documentation/images/NodeClient12.
png Graphic file (type png)
<use /Users/davidlapuma/Dropbox/CTT_Git/ctt_documentation/images/NodeClient12.p
ng>
Package pdftex.def Info: /Users/davidlapuma/Dropbox/CTT_Git/ctt_documentation/i
mages/NodeClient12.png  used on input line 809.
(pdftex.def)             Requested size: 352.30518pt x 166.94392pt.
[17 </Users/davidlapuma/Dropbox/CTT_Git/ctt_documentation/images/NodeClient8.pn
g> </Users/davidlapuma/Dropbox/CTT_Git/ctt_documentation/images/NodeClient9.png
>] [18 </Users/davidlapuma/Dropbox/CTT_Git/ctt_documentation/images/NodeClient1
0.png> </Users/davidlapuma/Dropbox/CTT_Git/ctt_documentation/images/NodeClient1
1.png>]pdfTeX warning (ext4): destination with the same identifier (name{id}) h
as been already used, duplicate ignored
<to be read again> 
                   \relax 
l.840 }
       
</Users/davidlapuma/Dropbox/CTT_Git/ctt_documentation/images/NodeClient13.png, 
id=326, 1185.42876pt x 570.13pt>
File: /Users/davidlapuma/Dropbox/CTT_Git/ctt_documentation/images/NodeClient13.
png Graphic file (type png)
<use /Users/davidlapuma/Dropbox/CTT_Git/ctt_documentation/images/NodeClient13.p
ng>
Package pdftex.def Info: /Users/davidlapuma/Dropbox/CTT_Git/ctt_documentation/i
mages/NodeClient13.png  used on input line 840.
(pdftex.def)             Requested size: 352.32123pt x 169.44832pt.
[19 </Users/davidlapuma/Dropbox/CTT_Git/ctt_documentation/images/NodeClient12.p
ng> </Users/davidlapuma/Dropbox/CTT_Git/ctt_documentation/images/NodeClient13.p
ng>] [20] (./CTT-Node-User-Guide.aux)

LaTeX Warning: There were multiply-defined labels.

Package rerunfilecheck Info: File `CTT-Node-User-Guide.out' has not changed.
(rerunfilecheck)             Checksum: 8ED551876D3D2264E3B943018E4AE4F7;3882.
 ) 
Here is how much of TeX's memory you used:
 11233 strings out of 480236
 187909 string characters out of 5894541
 463326 words of memory out of 5000000
 28851 multiletter control sequences out of 15000+600000
 524399 words of font info for 72 fonts, out of 8000000 for 9000
 14 hyphenation exceptions out of 8191
 60i,7n,63p,731b,407s stack positions out of 5000i,500n,10000p,200000b,80000s
{/Users/davidlapuma/Library/TinyTeX/texmf-dist/fonts/enc/dvips/lm/lm-ec.enc}{
/Users/davidlapuma/Library/TinyTeX/texmf-dist/fonts/enc/dvips/lm/lm-ts1.enc}</U
sers/davidlapuma/Library/TinyTeX/texmf-dist/fonts/type1/public/lm/lmbx10.pfb></
Users/davidlapuma/Library/TinyTeX/texmf-dist/fonts/type1/public/lm/lmbx12.pfb><
/Users/davidlapuma/Library/TinyTeX/texmf-dist/fonts/type1/public/lm/lmbxi10.pfb
></Users/davidlapuma/Library/TinyTeX/texmf-dist/fonts/type1/public/lm/lmr10.pfb
></Users/davidlapuma/Library/TinyTeX/texmf-dist/fonts/type1/public/lm/lmr12.pfb
></Users/davidlapuma/Library/TinyTeX/texmf-dist/fonts/type1/public/lm/lmr17.pfb
></Users/davidlapuma/Library/TinyTeX/texmf-dist/fonts/type1/public/lm/lmri10.pf
b></Users/davidlapuma/Library/TinyTeX/texmf-dist/fonts/type1/public/lm/lmtk10.p
fb></Users/davidlapuma/Library/TinyTeX/texmf-dist/fonts/type1/public/lm/lmtt10.
pfb></Users/davidlapuma/Library/TinyTeX/texmf-dist/fonts/type1/public/lm/lmtti1
0.pfb>
Output written on CTT-Node-User-Guide.pdf (20 pages, 30985439 bytes).
PDF statistics:
 420 PDF objects out of 1000 (max. 8388607)
 322 compressed objects within 4 object streams
 118 named destinations out of 1000 (max. 500000)
 332 words of extra memory for PDF output out of 10000 (max. 10000000)

