\BOOKMARK [1][-]{section*.2}{\376\377\000P\000a\000c\000k\000a\000g\000e\000\040\000C\000o\000n\000t\000e\000n\000t\000s}{}% 1
\BOOKMARK [2][-]{section*.3}{\376\377\000A\000d\000d\000-\000o\000n\000\040\000o\000p\000t\000i\000o\000n\000s\000\040\000i\000n\000c\000l\000u\000d\000e\000:}{section*.2}% 2
\BOOKMARK [1][-]{section*.4}{\376\377\000Q\000u\000i\000c\000k\000-\000S\000t\000a\000r\000t\000\040\000G\000u\000i\000d\000e}{}% 3
\BOOKMARK [1][-]{section*.5}{\376\377\000T\000h\000e\000\040\000H\000a\000r\000d\000w\000a\000r\000e}{}% 4
\BOOKMARK [2][-]{section*.6}{\376\377\000L\000E\000D\000\040\000I\000n\000d\000i\000c\000a\000t\000o\000r\000s}{section*.5}% 5
\BOOKMARK [1][-]{section*.7}{\376\377\000B\000a\000t\000t\000e\000r\000y\000\040\000a\000n\000d\000\040\000C\000h\000a\000r\000g\000i\000n\000g}{}% 6
\BOOKMARK [1][-]{section*.8}{\376\377\000A\000n\000t\000e\000n\000n\000a\000s}{}% 7
\BOOKMARK [2][-]{section*.9}{\376\377\000S\000t\000o\000r\000i\000n\000g\000\040\000y\000o\000u\000r\000\040\000S\000i\000d\000e\000k\000i\000c\000k}{section*.8}% 8
\BOOKMARK [1][-]{section*.10}{\376\377\000M\000o\000b\000i\000l\000e\000\040\000A\000p\000p\000l\000i\000c\000a\000t\000i\000o\000n\000\040\000-\000\040\000C\000T\000T\000\040\000M\000o\000b\000i\000l\000e}{}% 9
\BOOKMARK [2][-]{section*.11}{\376\377\000I\000n\000s\000t\000a\000l\000l\000i\000n\000g\000\040\000C\000T\000T\000\040\000M\000o\000b\000i\000l\000e}{section*.10}% 10
\BOOKMARK [2][-]{section*.12}{\376\377\000P\000a\000i\000r\000i\000n\000g\000\040\000w\000i\000t\000h\000\040\000C\000T\000T\000\040\000S\000i\000d\000e\000k\000i\000c\000k}{section*.10}% 11
\BOOKMARK [1][-]{section*.13}{\376\377\000S\000i\000d\000e\000k\000i\000c\000k\000\040\000O\000p\000e\000r\000a\000t\000i\000o\000n}{}% 12
\BOOKMARK [2][-]{section*.14}{\376\377\000C\000a\000l\000i\000b\000r\000a\000t\000e\000\040\000C\000o\000m\000p\000a\000s\000s}{section*.13}% 13
\BOOKMARK [2][-]{section*.15}{\376\377\000D\000e\000t\000e\000c\000t\000\040\000T\000a\000g\000s}{section*.13}% 14
\BOOKMARK [2][-]{section*.16}{\376\377\000M\000a\000p\000\040\000V\000i\000e\000w}{section*.13}% 15
\BOOKMARK [2][-]{section*.17}{\376\377\000L\000o\000c\000a\000l\000i\000z\000a\000t\000i\000o\000n}{section*.13}% 16
\BOOKMARK [2][-]{section*.18}{\376\377\000C\000a\000l\000i\000b\000r\000a\000t\000i\000n\000g\000\040\000R\000S\000S\000I\000\040\000v\000s\000.\000\040\000D\000i\000s\000t\000a\000n\000c\000e}{section*.13}% 17
\BOOKMARK [2][-]{section*.19}{\376\377\000R\000S\000S\000I\000\040\000v\000s\000.\000\040\000D\000i\000s\000t\000a\000n\000c\000e\000\040\000F\000i\000t\000\040\000P\000a\000r\000a\000m\000e\000t\000e\000r\000s}{section*.13}% 18
\BOOKMARK [2][-]{section*.20}{\376\377\000F\000i\000r\000m\000w\000a\000r\000e\000\040\000U\000p\000d\000a\000t\000e\000s}{section*.13}% 19
\BOOKMARK [1][-]{section*.21}{\376\377\000F\000i\000n\000a\000l\000\040\000T\000h\000o\000u\000g\000h\000t\000s}{}% 20
\BOOKMARK [1][-]{section*.22}{\376\377\000R\000e\000v\000i\000s\000i\000o\000n\000\040\000H\000i\000s\000t\000o\000r\000y}{}% 21
\BOOKMARK [2][-]{section*.23}{\376\377\000R\000e\000v\000.\000\040\0000\000.\0000\000.\0000\000\040\000-\000\040\000\050\0004\000/\0002\0000\000/\0002\0000\0002\0002\000\051}{section*.22}% 22
\BOOKMARK [1][-]{section*.24}{\376\377\000B\000i\000b\000l\000i\000o\000g\000r\000a\000p\000h\000y}{}% 23
