This is pdfTeX, Version 3.141592653-2.6-1.40.23 (TeX Live 2022/dev) (preloaded format=pdflatex 2021.8.25)  23 SEP 2021 11:06
entering extended mode
 restricted \write18 enabled.
 %&-line parsing enabled.
**CTT_locator_user_guide.tex
(./CTT_locator_user_guide.tex
LaTeX2e <2021-06-01> patch level 1
L3 programming layer <2021-07-12> (/Users/davidlapuma/Library/TinyTeX/texmf-dis
t/tex/latex/base/article.cls
Document Class: article 2021/02/12 v1.4n Standard LaTeX document class
(/Users/davidlapuma/Library/TinyTeX/texmf-dist/tex/latex/base/size10.clo
File: size10.clo 2021/02/12 v1.4n Standard LaTeX file (size option)
)
\c@part=\count182
\c@section=\count183
\c@subsection=\count184
\c@subsubsection=\count185
\c@paragraph=\count186
\c@subparagraph=\count187
\c@figure=\count188
\c@table=\count189
\abovecaptionskip=\skip47
\belowcaptionskip=\skip48
\bibindent=\dimen138
) (/Users/davidlapuma/Library/TinyTeX/texmf-dist/tex/latex/amsmath/amsmath.sty
Package: amsmath 2021/04/20 v2.17j AMS math features
\@mathmargin=\skip49
For additional information on amsmath, use the `?' option.
(/Users/davidlapuma/Library/TinyTeX/texmf-dist/tex/latex/amsmath/amstext.sty
Package: amstext 2000/06/29 v2.01 AMS text
(/Users/davidlapuma/Library/TinyTeX/texmf-dist/tex/latex/amsmath/amsgen.sty
File: amsgen.sty 1999/11/30 v2.0 generic functions
\@emptytoks=\toks16
\ex@=\dimen139
)) (/Users/davidlapuma/Library/TinyTeX/texmf-dist/tex/latex/amsmath/amsbsy.sty
Package: amsbsy 1999/11/29 v1.2d Bold Symbols
\pmbraise@=\dimen140
) (/Users/davidlapuma/Library/TinyTeX/texmf-dist/tex/latex/amsmath/amsopn.sty
Package: amsopn 2016/03/08 v2.02 operator names
)
\inf@bad=\count190
LaTeX Info: Redefining \frac on input line 234.
\uproot@=\count191
\leftroot@=\count192
LaTeX Info: Redefining \overline on input line 399.
\classnum@=\count193
\DOTSCASE@=\count194
LaTeX Info: Redefining \ldots on input line 496.
LaTeX Info: Redefining \dots on input line 499.
LaTeX Info: Redefining \cdots on input line 620.
\Mathstrutbox@=\box50
\strutbox@=\box51
\big@size=\dimen141
LaTeX Font Info:    Redeclaring font encoding OML on input line 743.
LaTeX Font Info:    Redeclaring font encoding OMS on input line 744.
\macc@depth=\count195
\c@MaxMatrixCols=\count196
\dotsspace@=\muskip16
\c@parentequation=\count197
\dspbrk@lvl=\count198
\tag@help=\toks17
\row@=\count199
\column@=\count266
\maxfields@=\count267
\andhelp@=\toks18
\eqnshift@=\dimen142
\alignsep@=\dimen143
\tagshift@=\dimen144
\tagwidth@=\dimen145
\totwidth@=\dimen146
\lineht@=\dimen147
\@envbody=\toks19
\multlinegap=\skip50
\multlinetaggap=\skip51
\mathdisplay@stack=\toks20
LaTeX Info: Redefining \[ on input line 2923.
LaTeX Info: Redefining \] on input line 2924.
) (/Users/davidlapuma/Library/TinyTeX/texmf-dist/tex/latex/amsfonts/amssymb.sty
Package: amssymb 2013/01/14 v3.01 AMS font symbols
(/Users/davidlapuma/Library/TinyTeX/texmf-dist/tex/latex/amsfonts/amsfonts.sty
Package: amsfonts 2013/01/14 v3.01 Basic AMSFonts support
\symAMSa=\mathgroup4
\symAMSb=\mathgroup5
LaTeX Font Info:    Redeclaring math symbol \hbar on input line 98.
LaTeX Font Info:    Overwriting math alphabet `\mathfrak' in version `bold'
(Font)                  U/euf/m/n --> U/euf/b/n on input line 106.
)) (/Users/davidlapuma/Library/TinyTeX/texmf-dist/tex/latex/lm/lmodern.sty
Package: lmodern 2015/05/01 v1.6.1 Latin Modern Fonts
LaTeX Font Info:    Overwriting symbol font `operators' in version `normal'
(Font)                  OT1/cmr/m/n --> OT1/lmr/m/n on input line 22.
LaTeX Font Info:    Overwriting symbol font `letters' in version `normal'
(Font)                  OML/cmm/m/it --> OML/lmm/m/it on input line 23.
LaTeX Font Info:    Overwriting symbol font `symbols' in version `normal'
(Font)                  OMS/cmsy/m/n --> OMS/lmsy/m/n on input line 24.
LaTeX Font Info:    Overwriting symbol font `largesymbols' in version `normal'
(Font)                  OMX/cmex/m/n --> OMX/lmex/m/n on input line 25.
LaTeX Font Info:    Overwriting symbol font `operators' in version `bold'
(Font)                  OT1/cmr/bx/n --> OT1/lmr/bx/n on input line 26.
LaTeX Font Info:    Overwriting symbol font `letters' in version `bold'
(Font)                  OML/cmm/b/it --> OML/lmm/b/it on input line 27.
LaTeX Font Info:    Overwriting symbol font `symbols' in version `bold'
(Font)                  OMS/cmsy/b/n --> OMS/lmsy/b/n on input line 28.
LaTeX Font Info:    Overwriting symbol font `largesymbols' in version `bold'
(Font)                  OMX/cmex/m/n --> OMX/lmex/m/n on input line 29.
LaTeX Font Info:    Overwriting math alphabet `\mathbf' in version `normal'
(Font)                  OT1/cmr/bx/n --> OT1/lmr/bx/n on input line 31.
LaTeX Font Info:    Overwriting math alphabet `\mathsf' in version `normal'
(Font)                  OT1/cmss/m/n --> OT1/lmss/m/n on input line 32.
LaTeX Font Info:    Overwriting math alphabet `\mathit' in version `normal'
(Font)                  OT1/cmr/m/it --> OT1/lmr/m/it on input line 33.
LaTeX Font Info:    Overwriting math alphabet `\mathtt' in version `normal'
(Font)                  OT1/cmtt/m/n --> OT1/lmtt/m/n on input line 34.
LaTeX Font Info:    Overwriting math alphabet `\mathbf' in version `bold'
(Font)                  OT1/cmr/bx/n --> OT1/lmr/bx/n on input line 35.
LaTeX Font Info:    Overwriting math alphabet `\mathsf' in version `bold'
(Font)                  OT1/cmss/bx/n --> OT1/lmss/bx/n on input line 36.
LaTeX Font Info:    Overwriting math alphabet `\mathit' in version `bold'
(Font)                  OT1/cmr/bx/it --> OT1/lmr/bx/it on input line 37.
LaTeX Font Info:    Overwriting math alphabet `\mathtt' in version `bold'
(Font)                  OT1/cmtt/m/n --> OT1/lmtt/m/n on input line 38.
) (/Users/davidlapuma/Library/TinyTeX/texmf-dist/tex/generic/iftex/ifxetex.sty
Package: ifxetex 2019/10/25 v0.7 ifxetex legacy package. Use iftex instead.
(/Users/davidlapuma/Library/TinyTeX/texmf-dist/tex/generic/iftex/iftex.sty
Package: iftex 2020/03/06 v1.0d TeX engine tests
)) (/Users/davidlapuma/Library/TinyTeX/texmf-dist/tex/generic/iftex/ifluatex.st
y
Package: ifluatex 2019/10/25 v1.5 ifluatex legacy package. Use iftex instead.
) (/Users/davidlapuma/Library/TinyTeX/texmf-dist/tex/latex/base/fontenc.sty
Package: fontenc 2021/04/29 v2.0v Standard LaTeX package
LaTeX Font Info:    Trying to load font information for T1+lmr on input line 11
2.
(/Users/davidlapuma/Library/TinyTeX/texmf-dist/tex/latex/lm/t1lmr.fd
File: t1lmr.fd 2015/05/01 v1.6.1 Font defs for Latin Modern
)) (/Users/davidlapuma/Library/TinyTeX/texmf-dist/tex/latex/base/inputenc.sty
Package: inputenc 2021/02/14 v1.3d Input encoding file
\inpenc@prehook=\toks21
\inpenc@posthook=\toks22
) (/Users/davidlapuma/Library/TinyTeX/texmf-dist/tex/latex/base/textcomp.sty
Package: textcomp 2020/02/02 v2.0n Standard LaTeX package
) (/Users/davidlapuma/Library/TinyTeX/texmf-dist/tex/latex/parskip/parskip.sty
Package: parskip 2021-03-14 v2.0h non-zero parskip adjustments

(/Users/davidlapuma/Library/TinyTeX/texmf-dist/tex/latex/kvoptions/kvoptions.st
y
Package: kvoptions 2020-10-07 v3.14 Key value format for package options (HO)
(/Users/davidlapuma/Library/TinyTeX/texmf-dist/tex/latex/graphics/keyval.sty
Package: keyval 2014/10/28 v1.15 key=value parser (DPC)
\KV@toks@=\toks23
) (/Users/davidlapuma/Library/TinyTeX/texmf-dist/tex/generic/ltxcmds/ltxcmds.st
y
Package: ltxcmds 2020-05-10 v1.25 LaTeX kernel commands for general use (HO)
)
(/Users/davidlapuma/Library/TinyTeX/texmf-dist/tex/generic/kvsetkeys/kvsetkeys.
sty
Package: kvsetkeys 2019/12/15 v1.18 Key value parser (HO)
)) (/Users/davidlapuma/Library/TinyTeX/texmf-dist/tex/latex/etoolbox/etoolbox.s
ty
Package: etoolbox 2020/10/05 v2.5k e-TeX tools for LaTeX (JAW)
\etb@tempcnta=\count268
)) (/Users/davidlapuma/Library/TinyTeX/texmf-dist/tex/latex/xcolor/xcolor.sty
Package: xcolor 2016/05/11 v2.12 LaTeX color extensions (UK)

(/Users/davidlapuma/Library/TinyTeX/texmf-dist/tex/latex/graphics-cfg/color.cfg
File: color.cfg 2016/01/02 v1.6 sample color configuration
)
Package xcolor Info: Driver file: pdftex.def on input line 225.

(/Users/davidlapuma/Library/TinyTeX/texmf-dist/tex/latex/graphics-def/pdftex.de
f
File: pdftex.def 2020/10/05 v1.2a Graphics/color driver for pdftex
)
Package xcolor Info: Model `cmy' substituted by `cmy0' on input line 1348.
Package xcolor Info: Model `hsb' substituted by `rgb' on input line 1352.
Package xcolor Info: Model `RGB' extended on input line 1364.
Package xcolor Info: Model `HTML' substituted by `rgb' on input line 1366.
Package xcolor Info: Model `Hsb' substituted by `hsb' on input line 1367.
Package xcolor Info: Model `tHsb' substituted by `hsb' on input line 1368.
Package xcolor Info: Model `HSB' substituted by `hsb' on input line 1369.
Package xcolor Info: Model `Gray' substituted by `gray' on input line 1370.
Package xcolor Info: Model `wave' substituted by `hsb' on input line 1371.
) (/Users/davidlapuma/Library/TinyTeX/texmf-dist/tex/latex/hyperref/hyperref.st
y
Package: hyperref 2021-06-07 v7.00m Hypertext links for LaTeX

(/Users/davidlapuma/Library/TinyTeX/texmf-dist/tex/generic/pdftexcmds/pdftexcmd
s.sty
Package: pdftexcmds 2020-06-27 v0.33 Utility functions of pdfTeX for LuaTeX (HO
)

(/Users/davidlapuma/Library/TinyTeX/texmf-dist/tex/generic/infwarerr/infwarerr.
sty
Package: infwarerr 2019/12/03 v1.5 Providing info/warning/error messages (HO)
)
Package pdftexcmds Info: \pdf@primitive is available.
Package pdftexcmds Info: \pdf@ifprimitive is available.
Package pdftexcmds Info: \pdfdraftmode found.
)
(/Users/davidlapuma/Library/TinyTeX/texmf-dist/tex/generic/kvdefinekeys/kvdefin
ekeys.sty
Package: kvdefinekeys 2019-12-19 v1.6 Define keys (HO)
)
(/Users/davidlapuma/Library/TinyTeX/texmf-dist/tex/generic/pdfescape/pdfescape.
sty
Package: pdfescape 2019/12/09 v1.15 Implements pdfTeX's escape features (HO)
) (/Users/davidlapuma/Library/TinyTeX/texmf-dist/tex/latex/hycolor/hycolor.sty
Package: hycolor 2020-01-27 v1.10 Color options for hyperref/bookmark (HO)
)
(/Users/davidlapuma/Library/TinyTeX/texmf-dist/tex/latex/letltxmacro/letltxmacr
o.sty
Package: letltxmacro 2019/12/03 v1.6 Let assignment for LaTeX macros (HO)
) (/Users/davidlapuma/Library/TinyTeX/texmf-dist/tex/latex/auxhook/auxhook.sty
Package: auxhook 2019-12-17 v1.6 Hooks for auxiliary files (HO)
)
\@linkdim=\dimen148
\Hy@linkcounter=\count269
\Hy@pagecounter=\count270
(/Users/davidlapuma/Library/TinyTeX/texmf-dist/tex/latex/hyperref/pd1enc.def
File: pd1enc.def 2021-06-07 v7.00m Hyperref: PDFDocEncoding definition (HO)
Now handling font encoding PD1 ...
... no UTF-8 mapping file for font encoding PD1
)
(/Users/davidlapuma/Library/TinyTeX/texmf-dist/tex/latex/hyperref/hyperref-lang
patches.def
File: hyperref-langpatches.def 2021-06-07 v7.00m Hyperref: patches for babel la
nguages
) (/Users/davidlapuma/Library/TinyTeX/texmf-dist/tex/generic/intcalc/intcalc.st
y
Package: intcalc 2019/12/15 v1.3 Expandable calculations with integers (HO)
)
(/Users/davidlapuma/Library/TinyTeX/texmf-dist/tex/generic/etexcmds/etexcmds.st
y
Package: etexcmds 2019/12/15 v1.7 Avoid name clashes with e-TeX commands (HO)
)
\Hy@SavedSpaceFactor=\count271
(/Users/davidlapuma/Library/TinyTeX/texmf-dist/tex/latex/hyperref/puenc.def
File: puenc.def 2021-06-07 v7.00m Hyperref: PDF Unicode definition (HO)
Now handling font encoding PU ...
... no UTF-8 mapping file for font encoding PU
)
Package hyperref Info: Option `unicode' set `true' on input line 4073.
Package hyperref Info: Hyper figures OFF on input line 4192.
Package hyperref Info: Link nesting OFF on input line 4197.
Package hyperref Info: Hyper index ON on input line 4200.
Package hyperref Info: Plain pages OFF on input line 4207.
Package hyperref Info: Backreferencing OFF on input line 4212.
Package hyperref Info: Implicit mode ON; LaTeX internals redefined.
Package hyperref Info: Bookmarks ON on input line 4445.
\c@Hy@tempcnt=\count272
(/Users/davidlapuma/Library/TinyTeX/texmf-dist/tex/latex/url/url.sty
\Urlmuskip=\muskip17
Package: url 2013/09/16  ver 3.4  Verb mode for urls, etc.
)
LaTeX Info: Redefining \url on input line 4804.
\XeTeXLinkMargin=\dimen149
(/Users/davidlapuma/Library/TinyTeX/texmf-dist/tex/generic/bitset/bitset.sty
Package: bitset 2019/12/09 v1.3 Handle bit-vector datatype (HO)

(/Users/davidlapuma/Library/TinyTeX/texmf-dist/tex/generic/bigintcalc/bigintcal
c.sty
Package: bigintcalc 2019/12/15 v1.5 Expandable calculations on big integers (HO
)
))
\Fld@menulength=\count273
\Field@Width=\dimen150
\Fld@charsize=\dimen151
Package hyperref Info: Hyper figures OFF on input line 6076.
Package hyperref Info: Link nesting OFF on input line 6081.
Package hyperref Info: Hyper index ON on input line 6084.
Package hyperref Info: backreferencing OFF on input line 6091.
Package hyperref Info: Link coloring OFF on input line 6096.
Package hyperref Info: Link coloring with OCG OFF on input line 6101.
Package hyperref Info: PDF/A mode OFF on input line 6106.
LaTeX Info: Redefining \ref on input line 6146.
LaTeX Info: Redefining \pageref on input line 6150.
(/Users/davidlapuma/Library/TinyTeX/texmf-dist/tex/latex/base/atbegshi-ltx.sty
Package: atbegshi-ltx 2021/01/10 v1.0c Emulation of the original atbegshi
package with kernel methods
)
\Hy@abspage=\count274
\c@Item=\count275
\c@Hfootnote=\count276
)
Package hyperref Info: Driver (autodetected): hpdftex.
(/Users/davidlapuma/Library/TinyTeX/texmf-dist/tex/latex/hyperref/hpdftex.def
File: hpdftex.def 2021-06-07 v7.00m Hyperref driver for pdfTeX

(/Users/davidlapuma/Library/TinyTeX/texmf-dist/tex/latex/base/atveryend-ltx.sty
Package: atveryend-ltx 2020/08/19 v1.0a Emulation of the original atvery packag
e
with kernel methods
)
\Fld@listcount=\count277
\c@bookmark@seq@number=\count278

(/Users/davidlapuma/Library/TinyTeX/texmf-dist/tex/latex/rerunfilecheck/rerunfi
lecheck.sty
Package: rerunfilecheck 2019/12/05 v1.9 Rerun checks for auxiliary files (HO)

(/Users/davidlapuma/Library/TinyTeX/texmf-dist/tex/generic/uniquecounter/unique
counter.sty
Package: uniquecounter 2019/12/15 v1.4 Provide unlimited unique counter (HO)
)
Package uniquecounter Info: New unique counter `rerunfilecheck' on input line 2
86.
)
\Hy@SectionHShift=\skip52
) (/Users/davidlapuma/Library/TinyTeX/texmf-dist/tex/latex/geometry/geometry.st
y
Package: geometry 2020/01/02 v5.9 Page Geometry
(/Users/davidlapuma/Library/TinyTeX/texmf-dist/tex/generic/iftex/ifvtex.sty
Package: ifvtex 2019/10/25 v1.7 ifvtex legacy package. Use iftex instead.
)
\Gm@cnth=\count279
\Gm@cntv=\count280
\c@Gm@tempcnt=\count281
\Gm@bindingoffset=\dimen152
\Gm@wd@mp=\dimen153
\Gm@odd@mp=\dimen154
\Gm@even@mp=\dimen155
\Gm@layoutwidth=\dimen156
\Gm@layoutheight=\dimen157
\Gm@layouthoffset=\dimen158
\Gm@layoutvoffset=\dimen159
\Gm@dimlist=\toks24
) (/Users/davidlapuma/Library/TinyTeX/texmf-dist/tex/latex/tools/longtable.sty
Package: longtable 2021-05-07 v4.16 Multi-page Table package (DPC)
\LTleft=\skip53
\LTright=\skip54
\LTpre=\skip55
\LTpost=\skip56
\LTchunksize=\count282
\LTcapwidth=\dimen160
\LT@head=\box52
\LT@firsthead=\box53
\LT@foot=\box54
\LT@lastfoot=\box55
\LT@gbox=\box56
\LT@cols=\count283
\LT@rows=\count284
\c@LT@tables=\count285
\c@LT@chunks=\count286
\LT@p@ftn=\toks25
) (/Users/davidlapuma/Library/TinyTeX/texmf-dist/tex/latex/booktabs/booktabs.st
y
Package: booktabs 2020/01/12 v1.61803398 Publication quality tables
\heavyrulewidth=\dimen161
\lightrulewidth=\dimen162
\cmidrulewidth=\dimen163
\belowrulesep=\dimen164
\belowbottomsep=\dimen165
\aboverulesep=\dimen166
\abovetopsep=\dimen167
\cmidrulesep=\dimen168
\cmidrulekern=\dimen169
\defaultaddspace=\dimen170
\@cmidla=\count287
\@cmidlb=\count288
\@aboverulesep=\dimen171
\@belowrulesep=\dimen172
\@thisruleclass=\count289
\@lastruleclass=\count290
\@thisrulewidth=\dimen173
) (/Users/davidlapuma/Library/TinyTeX/texmf-dist/tex/latex/tools/array.sty
Package: array 2021/04/20 v2.5e Tabular extension package (FMi)
\col@sep=\dimen174
\ar@mcellbox=\box57
\extrarowheight=\dimen175
\NC@list=\toks26
\extratabsurround=\skip57
\backup@length=\skip58
\ar@cellbox=\box58
) (/Users/davidlapuma/Library/TinyTeX/texmf-dist/tex/latex/tools/calc.sty
Package: calc 2017/05/25 v4.3 Infix arithmetic (KKT,FJ)
\calc@Acount=\count291
\calc@Bcount=\count292
\calc@Adimen=\dimen176
\calc@Bdimen=\dimen177
\calc@Askip=\skip59
\calc@Bskip=\skip60
LaTeX Info: Redefining \setlength on input line 80.
LaTeX Info: Redefining \addtolength on input line 81.
\calc@Ccount=\count293
\calc@Cskip=\skip61
) (/Users/davidlapuma/Library/TinyTeX/texmf-dist/tex/latex/mdwtools/footnote.st
y
Package: footnote 1997/01/28 1.13 Save footnotes around boxes
\fn@notes=\box59
\fn@width=\dimen178
) (/Users/davidlapuma/Library/TinyTeX/texmf-dist/tex/latex/graphics/graphicx.st
y
Package: graphicx 2020/12/05 v1.2c Enhanced LaTeX Graphics (DPC,SPQR)
(/Users/davidlapuma/Library/TinyTeX/texmf-dist/tex/latex/graphics/graphics.sty
Package: graphics 2021/03/04 v1.4d Standard LaTeX Graphics (DPC,SPQR)
(/Users/davidlapuma/Library/TinyTeX/texmf-dist/tex/latex/graphics/trig.sty
Package: trig 2016/01/03 v1.10 sin cos tan (DPC)
)
(/Users/davidlapuma/Library/TinyTeX/texmf-dist/tex/latex/graphics-cfg/graphics.
cfg
File: graphics.cfg 2016/06/04 v1.11 sample graphics configuration
)
Package graphics Info: Driver file: pdftex.def on input line 107.
)
\Gin@req@height=\dimen179
\Gin@req@width=\dimen180
)
(/Users/davidlapuma/Library/TinyTeX/texmf-dist/tex/latex/l3backend/l3backend-pd
ftex.def
File: l3backend-pdftex.def 2021-08-04 L3 backend support: PDF output (pdfTeX)
\l__color_backend_stack_int=\count294
\l__pdf_internal_box=\box60
) (./CTT_locator_user_guide.aux

LaTeX Warning: Label `id' multiply defined.


LaTeX Warning: Label `id' multiply defined.


LaTeX Warning: Label `id' multiply defined.


LaTeX Warning: Label `id' multiply defined.


LaTeX Warning: Label `id' multiply defined.


LaTeX Warning: Label `id' multiply defined.


LaTeX Warning: Label `id' multiply defined.

)
\openout1 = `CTT_locator_user_guide.aux'.

LaTeX Font Info:    Checking defaults for OML/cmm/m/it on input line 80.
LaTeX Font Info:    ... okay on input line 80.
LaTeX Font Info:    Checking defaults for OMS/cmsy/m/n on input line 80.
LaTeX Font Info:    ... okay on input line 80.
LaTeX Font Info:    Checking defaults for OT1/cmr/m/n on input line 80.
LaTeX Font Info:    ... okay on input line 80.
LaTeX Font Info:    Checking defaults for T1/cmr/m/n on input line 80.
LaTeX Font Info:    ... okay on input line 80.
LaTeX Font Info:    Checking defaults for TS1/cmr/m/n on input line 80.
LaTeX Font Info:    ... okay on input line 80.
LaTeX Font Info:    Checking defaults for OMX/cmex/m/n on input line 80.
LaTeX Font Info:    ... okay on input line 80.
LaTeX Font Info:    Checking defaults for U/cmr/m/n on input line 80.
LaTeX Font Info:    ... okay on input line 80.
LaTeX Font Info:    Checking defaults for PD1/pdf/m/n on input line 80.
LaTeX Font Info:    ... okay on input line 80.
LaTeX Font Info:    Checking defaults for PU/pdf/m/n on input line 80.
LaTeX Font Info:    ... okay on input line 80.

(/Users/davidlapuma/Library/TinyTeX/texmf-dist/tex/latex/epstopdf-pkg/epstopdf-
base.sty
Package: epstopdf-base 2020-01-24 v2.11 Base part for package epstopdf
Package epstopdf-base Info: Redefining graphics rule for `.eps' on input line 4
85.

(/Users/davidlapuma/Library/TinyTeX/texmf-dist/tex/latex/latexconfig/epstopdf-s
ys.cfg
File: epstopdf-sys.cfg 2010/07/13 v1.3 Configuration of (r)epstopdf for TeX Liv
e
))
Package hyperref Info: Link coloring OFF on input line 80.
(/Users/davidlapuma/Library/TinyTeX/texmf-dist/tex/latex/hyperref/nameref.sty
Package: nameref 2021-04-02 v2.47 Cross-referencing by name of section
(/Users/davidlapuma/Library/TinyTeX/texmf-dist/tex/latex/refcount/refcount.sty
Package: refcount 2019/12/15 v3.6 Data extraction from label references (HO)
)
(/Users/davidlapuma/Library/TinyTeX/texmf-dist/tex/generic/gettitlestring/getti
tlestring.sty
Package: gettitlestring 2019/12/15 v1.6 Cleanup title references (HO)
)
\c@section@level=\count295
)
LaTeX Info: Redefining \ref on input line 80.
LaTeX Info: Redefining \pageref on input line 80.
LaTeX Info: Redefining \nameref on input line 80.
(./CTT_locator_user_guide.out) (./CTT_locator_user_guide.out)
\@outlinefile=\write3
\openout3 = `CTT_locator_user_guide.out'.

*geometry* driver: auto-detecting
*geometry* detected driver: pdftex
*geometry* verbose mode - [ preamble ] result:
* driver: pdftex
* paper: <default>
* layout: <same size as paper>
* layoutoffset:(h,v)=(0.0pt,0.0pt)
* modes: 
* h-part:(L,W,R)=(72.26999pt, 469.75502pt, 72.26999pt)
* v-part:(T,H,B)=(72.26999pt, 650.43001pt, 72.26999pt)
* \paperwidth=614.295pt
* \paperheight=794.96999pt
* \textwidth=469.75502pt
* \textheight=650.43001pt
* \oddsidemargin=0.0pt
* \evensidemargin=0.0pt
* \topmargin=-37.0pt
* \headheight=12.0pt
* \headsep=25.0pt
* \topskip=10.0pt
* \footskip=30.0pt
* \marginparwidth=65.0pt
* \marginparsep=11.0pt
* \columnsep=10.0pt
* \skip\footins=9.0pt plus 4.0pt minus 2.0pt
* \hoffset=0.0pt
* \voffset=0.0pt
* \mag=1000
* \@twocolumnfalse
* \@twosidefalse
* \@mparswitchfalse
* \@reversemarginfalse
* (1in=72.27pt=25.4mm, 1cm=28.453pt)

LaTeX Font Info:    Trying to load font information for OT1+lmr on input line 8
2.
(/Users/davidlapuma/Library/TinyTeX/texmf-dist/tex/latex/lm/ot1lmr.fd
File: ot1lmr.fd 2015/05/01 v1.6.1 Font defs for Latin Modern
)
LaTeX Font Info:    Trying to load font information for OML+lmm on input line 8
2.
(/Users/davidlapuma/Library/TinyTeX/texmf-dist/tex/latex/lm/omllmm.fd
File: omllmm.fd 2015/05/01 v1.6.1 Font defs for Latin Modern
)
LaTeX Font Info:    Trying to load font information for OMS+lmsy on input line 
82.
(/Users/davidlapuma/Library/TinyTeX/texmf-dist/tex/latex/lm/omslmsy.fd
File: omslmsy.fd 2015/05/01 v1.6.1 Font defs for Latin Modern
)
LaTeX Font Info:    Trying to load font information for OMX+lmex on input line 
82.
(/Users/davidlapuma/Library/TinyTeX/texmf-dist/tex/latex/lm/omxlmex.fd
File: omxlmex.fd 2015/05/01 v1.6.1 Font defs for Latin Modern
)
LaTeX Font Info:    External font `lmex10' loaded for size
(Font)              <12> on input line 82.
LaTeX Font Info:    External font `lmex10' loaded for size
(Font)              <8> on input line 82.
LaTeX Font Info:    External font `lmex10' loaded for size
(Font)              <6> on input line 82.
LaTeX Font Info:    Trying to load font information for U+msa on input line 82.

(/Users/davidlapuma/Library/TinyTeX/texmf-dist/tex/latex/amsfonts/umsa.fd
File: umsa.fd 2013/01/14 v3.01 AMS symbols A
)
LaTeX Font Info:    Trying to load font information for U+msb on input line 82.

(/Users/davidlapuma/Library/TinyTeX/texmf-dist/tex/latex/amsfonts/umsb.fd
File: umsb.fd 2013/01/14 v3.01 AMS symbols B
) (./CTT_locator_user_guide.toc
LaTeX Font Info:    External font `lmex10' loaded for size
(Font)              <10> on input line 3.
LaTeX Font Info:    External font `lmex10' loaded for size
(Font)              <7> on input line 3.
LaTeX Font Info:    External font `lmex10' loaded for size
(Font)              <5> on input line 3.
[1

{/Users/davidlapuma/Library/TinyTeX/texmf-var/fonts/map/pdftex/updmap/pdftex.ma
p}])
\tf@toc=\write4
\openout4 = `CTT_locator_user_guide.toc'.

LaTeX Font Info:    Trying to load font information for TS1+lmr on input line 1
03.
(/Users/davidlapuma/Library/TinyTeX/texmf-dist/tex/latex/lm/ts1lmr.fd
File: ts1lmr.fd 2015/05/01 v1.6.1 Font defs for Latin Modern
) [2]
</Users/davidlapuma/Dropbox/CTT_Git/ctt_documentation/images/antenna1.png, id=1
64, 594.22pt x 418.56375pt>
File: /Users/davidlapuma/Dropbox/CTT_Git/ctt_documentation/images/antenna1.png 
Graphic file (type png)
<use /Users/davidlapuma/Dropbox/CTT_Git/ctt_documentation/images/antenna1.png>
Package pdftex.def Info: /Users/davidlapuma/Dropbox/CTT_Git/ctt_documentation/i
mages/antenna1.png  used on input line 174.
(pdftex.def)             Requested size: 469.77321pt x 330.90442pt.
</Users/davidlapuma/Dropbox/CTT_Git/ctt_documentation/images/locatorsetup.png, 
id=165, 654.445pt x 293.095pt>
File: /Users/davidlapuma/Dropbox/CTT_Git/ctt_documentation/images/locatorsetup.
png Graphic file (type png)
<use /Users/davidlapuma/Dropbox/CTT_Git/ctt_documentation/images/locatorsetup.p
ng>
Package pdftex.def Info: /Users/davidlapuma/Dropbox/CTT_Git/ctt_documentation/i
mages/locatorsetup.png  used on input line 187.
(pdftex.def)             Requested size: 469.75208pt x 210.37975pt.
</Users/davidlapuma/Dropbox/CTT_Git/ctt_documentation/images/diagram.png, id=16
6, 701.62125pt x 430.60875pt>
File: /Users/davidlapuma/Dropbox/CTT_Git/ctt_documentation/images/diagram.png G
raphic file (type png)
<use /Users/davidlapuma/Dropbox/CTT_Git/ctt_documentation/images/diagram.png>
Package pdftex.def Info: /Users/davidlapuma/Dropbox/CTT_Git/ctt_documentation/i
mages/diagram.png  used on input line 208.
(pdftex.def)             Requested size: 469.76262pt x 288.30923pt.
[3 </Users/davidlapuma/Dropbox/CTT_Git/ctt_documentation/images/antenna1.png>] 
[4 </Users/davidlapuma/Dropbox/CTT_Git/ctt_documentation/images/locatorsetup.pn
g> </Users/davidlapuma/Dropbox/CTT_Git/ctt_documentation/images/diagram.png>]
LaTeX Font Info:    Trying to load font information for T1+lmtt on input line 2
37.
(/Users/davidlapuma/Library/TinyTeX/texmf-dist/tex/latex/lm/t1lmtt.fd
File: t1lmtt.fd 2015/05/01 v1.6.1 Font defs for Latin Modern
) [5]
</Users/davidlapuma/Dropbox/CTT_Git/ctt_documentation/images/110702200-37837c80
-81c0-11eb-8b96-cd1b77ff5d68.png, id=193, 687.56876pt x 125.46875pt>
File: /Users/davidlapuma/Dropbox/CTT_Git/ctt_documentation/images/110702200-378
37c80-81c0-11eb-8b96-cd1b77ff5d68.png Graphic file (type png)
<use /Users/davidlapuma/Dropbox/CTT_Git/ctt_documentation/images/110702200-3783
7c80-81c0-11eb-8b96-cd1b77ff5d68.png>
Package pdftex.def Info: /Users/davidlapuma/Dropbox/CTT_Git/ctt_documentation/i
mages/110702200-37837c80-81c0-11eb-8b96-cd1b77ff5d68.png  used on input line 29
4.
(pdftex.def)             Requested size: 469.75426pt x 85.72156pt.
</Users/davidlapuma/Dropbox/CTT_Git/ctt_documentation/images/110702544-a82a9900
-81c0-11eb-84f1-a844e8c9f164.png, id=194, 692.5875pt x 82.3075pt>
File: /Users/davidlapuma/Dropbox/CTT_Git/ctt_documentation/images/110702544-a82
a9900-81c0-11eb-84f1-a844e8c9f164.png Graphic file (type png)
<use /Users/davidlapuma/Dropbox/CTT_Git/ctt_documentation/images/110702544-a82a
9900-81c0-11eb-84f1-a844e8c9f164.png>
Package pdftex.def Info: /Users/davidlapuma/Dropbox/CTT_Git/ctt_documentation/i
mages/110702544-a82a9900-81c0-11eb-84f1-a844e8c9f164.png  used on input line 30
5.
(pdftex.def)             Requested size: 469.76964pt x 55.82768pt.
</Users/davidlapuma/Dropbox/CTT_Git/ctt_documentation/images/HomeView.png, id=1
95, 525.965pt x 643.40375pt>
File: /Users/davidlapuma/Dropbox/CTT_Git/ctt_documentation/images/HomeView.png 
Graphic file (type png)
<use /Users/davidlapuma/Dropbox/CTT_Git/ctt_documentation/images/HomeView.png>
Package pdftex.def Info: /Users/davidlapuma/Dropbox/CTT_Git/ctt_documentation/i
mages/HomeView.png  used on input line 358.
(pdftex.def)             Requested size: 234.8763pt x 287.32007pt.
</Users/davidlapuma/Dropbox/CTT_Git/ctt_documentation/images/LocatorMainView.jp
g, id=196, 1003.75pt x 250.9375pt>
File: /Users/davidlapuma/Dropbox/CTT_Git/ctt_documentation/images/LocatorMainVi
ew.jpg Graphic file (type jpg)
<use /Users/davidlapuma/Dropbox/CTT_Git/ctt_documentation/images/LocatorMainVie
w.jpg>
Package pdftex.def Info: /Users/davidlapuma/Dropbox/CTT_Git/ctt_documentation/i
mages/LocatorMainView.jpg  used on input line 366.
(pdftex.def)             Requested size: 352.31331pt x 88.07831pt.
[6 </Users/davidlapuma/Dropbox/CTT_Git/ctt_documentation/images/110702200-37837
c80-81c0-11eb-8b96-cd1b77ff5d68.png> </Users/davidlapuma/Dropbox/CTT_Git/ctt_do
cumentation/images/110702544-a82a9900-81c0-11eb-84f1-a844e8c9f164.png>] [7pdfTe
X warning (ext4): destination with the same identifier (name{id}) has been alre
ady used, duplicate ignored
<argument> ...shipout:D \box_use:N \l_shipout_box 
                                                  \__shipout_drop_firstpage_...
l.376 
       </Users/davidlapuma/Dropbox/CTT_Git/ctt_documentation/images/HomeView.pn
g> </Users/davidlapuma/Dropbox/CTT_Git/ctt_documentation/images/LocatorMainView
.jpg>]pdfTeX warning (ext4): destination with the same identifier (name{id}) ha
s been already used, duplicate ignored
<to be read again> 
                   \relax 
l.382 }
       
</Users/davidlapuma/Dropbox/CTT_Git/ctt_documentation/images/TagView.png, id=21
1, 524.96124pt x 457.71pt>
File: /Users/davidlapuma/Dropbox/CTT_Git/ctt_documentation/images/TagView.png G
raphic file (type png)
<use /Users/davidlapuma/Dropbox/CTT_Git/ctt_documentation/images/TagView.png>
Package pdftex.def Info: /Users/davidlapuma/Dropbox/CTT_Git/ctt_documentation/i
mages/TagView.png  used on input line 382.
(pdftex.def)             Requested size: 234.87663pt x 204.7873pt.
pdfTeX warning (ext4): destination with the same identifier (name{id}) has been
 already used, duplicate ignored
<to be read again> 
                   \relax 
l.405 }
       
</Users/davidlapuma/Dropbox/CTT_Git/ctt_documentation/images/identifyview.png, 
id=212, 525.965pt x 643.40375pt>
File: /Users/davidlapuma/Dropbox/CTT_Git/ctt_documentation/images/identifyview.
png Graphic file (type png)
<use /Users/davidlapuma/Dropbox/CTT_Git/ctt_documentation/images/identifyview.p
ng>
Package pdftex.def Info: /Users/davidlapuma/Dropbox/CTT_Git/ctt_documentation/i
mages/identifyview.png  used on input line 405.
(pdftex.def)             Requested size: 234.8763pt x 287.32007pt.
pdfTeX warning (ext4): destination with the same identifier (name{id}) has been
 already used, duplicate ignored
<to be read again> 
                   \relax 
l.420 }
       
</Users/davidlapuma/Dropbox/CTT_Git/ctt_documentation/images/favoritesView.png,
 id=213, 520.94624pt x 644.4075pt>
File: /Users/davidlapuma/Dropbox/CTT_Git/ctt_documentation/images/favoritesView
.png Graphic file (type png)
<use /Users/davidlapuma/Dropbox/CTT_Git/ctt_documentation/images/favoritesView.
png>
Package pdftex.def Info: /Users/davidlapuma/Dropbox/CTT_Git/ctt_documentation/i
mages/favoritesView.png  used on input line 420.
(pdftex.def)             Requested size: 234.87674pt x 290.54117pt.
pdfTeX warning (ext4): destination with the same identifier (name{id}) has been
 already used, duplicate ignored
<to be read again> 
                   \relax 
l.437 }
       
</Users/davidlapuma/Dropbox/CTT_Git/ctt_documentation/images/Search_View.png, i
d=214, 524.45938pt x 277.035pt>
File: /Users/davidlapuma/Dropbox/CTT_Git/ctt_documentation/images/Search_View.p
ng Graphic file (type png)
<use /Users/davidlapuma/Dropbox/CTT_Git/ctt_documentation/images/Search_View.pn
g>
Package pdftex.def Info: /Users/davidlapuma/Dropbox/CTT_Git/ctt_documentation/i
mages/Search_View.png  used on input line 437.
(pdftex.def)             Requested size: 234.87617pt x 124.06856pt.
pdfTeX warning (ext4): destination with the same identifier (name{id}) has been
 already used, duplicate ignored
<to be read again> 
                   \relax 
l.451 }
       
</Users/davidlapuma/Dropbox/CTT_Git/ctt_documentation/images/downloadview.png, 
id=215, 524.96124pt x 647.41875pt>
File: /Users/davidlapuma/Dropbox/CTT_Git/ctt_documentation/images/downloadview.
png Graphic file (type png)
<use /Users/davidlapuma/Dropbox/CTT_Git/ctt_documentation/images/downloadview.p
ng>
Package pdftex.def Info: /Users/davidlapuma/Dropbox/CTT_Git/ctt_documentation/i
mages/downloadview.png  used on input line 451.
(pdftex.def)             Requested size: 234.87663pt x 289.66621pt.
[8 </Users/davidlapuma/Dropbox/CTT_Git/ctt_documentation/images/TagView.png>] [
9 </Users/davidlapuma/Dropbox/CTT_Git/ctt_documentation/images/identifyview.png
> </Users/davidlapuma/Dropbox/CTT_Git/ctt_documentation/images/favoritesView.pn
g>] [10 </Users/davidlapuma/Dropbox/CTT_Git/ctt_documentation/images/Search_Vie
w.png> </Users/davidlapuma/Dropbox/CTT_Git/ctt_documentation/images/downloadvie
w.png>]pdfTeX warning (ext4): destination with the same identifier (name{id}) h
as been already used, duplicate ignored
<to be read again> 
                   \relax 
l.477 }
       
</Users/davidlapuma/Dropbox/CTT_Git/ctt_documentation/images/settingsview1.png,
 id=239, 523.9575pt x 616.3025pt>
File: /Users/davidlapuma/Dropbox/CTT_Git/ctt_documentation/images/settingsview1
.png Graphic file (type png)
<use /Users/davidlapuma/Dropbox/CTT_Git/ctt_documentation/images/settingsview1.
png>
Package pdftex.def Info: /Users/davidlapuma/Dropbox/CTT_Git/ctt_documentation/i
mages/settingsview1.png  used on input line 477.
(pdftex.def)             Requested size: 234.87526pt x 276.2709pt.
</Users/davidlapuma/Dropbox/CTT_Git/ctt_documentation/images/settingsview2.png,
 id=240, 531.9875pt x 649.42625pt>
File: /Users/davidlapuma/Dropbox/CTT_Git/ctt_documentation/images/settingsview2
.png Graphic file (type png)
<use /Users/davidlapuma/Dropbox/CTT_Git/ctt_documentation/images/settingsview2.
png>
Package pdftex.def Info: /Users/davidlapuma/Dropbox/CTT_Git/ctt_documentation/i
mages/settingsview2.png  used on input line 489.
(pdftex.def)             Requested size: 234.87073pt x 286.71956pt.
[11 </Users/davidlapuma/Dropbox/CTT_Git/ctt_documentation/images/settingsview1.
png>] [12 </Users/davidlapuma/Dropbox/CTT_Git/ctt_documentation/images/settings
view2.png>]
Underfull \hbox (badness 10000) in paragraph at lines 543--547

 []

[13] [14] [15] (./CTT_locator_user_guide.aux)

LaTeX Warning: There were multiply-defined labels.

Package rerunfilecheck Info: File `CTT_locator_user_guide.out' has not changed.

(rerunfilecheck)             Checksum: C77001B40F517F3DC18F146D7B4ED263;3823.
 ) 
Here is how much of TeX's memory you used:
 11025 strings out of 480502
 167303 string characters out of 5898668
 470990 words of memory out of 5000000
 28381 multiletter control sequences out of 15000+600000
 453662 words of font info for 68 fonts, out of 8000000 for 9000
 14 hyphenation exceptions out of 8191
 60i,7n,66p,527b,419s stack positions out of 5000i,500n,10000p,200000b,80000s
{/Users/davidlapuma/Library/TinyTeX/texmf-dist/fonts/enc/dvips/lm/lm-ec.enc}{
/Users/davidlapuma/Library/TinyTeX/texmf-dist/fonts/enc/dvips/lm/lm-ts1.enc}</U
sers/davidlapuma/Library/TinyTeX/texmf-dist/fonts/type1/public/lm/lmbx10.pfb></
Users/davidlapuma/Library/TinyTeX/texmf-dist/fonts/type1/public/lm/lmbx12.pfb><
/Users/davidlapuma/Library/TinyTeX/texmf-dist/fonts/type1/public/lm/lmr10.pfb><
/Users/davidlapuma/Library/TinyTeX/texmf-dist/fonts/type1/public/lm/lmr12.pfb><
/Users/davidlapuma/Library/TinyTeX/texmf-dist/fonts/type1/public/lm/lmr17.pfb><
/Users/davidlapuma/Library/TinyTeX/texmf-dist/fonts/type1/public/lm/lmri10.pfb>
</Users/davidlapuma/Library/TinyTeX/texmf-dist/fonts/type1/public/lm/lmtt10.pfb
>
Output written on CTT_locator_user_guide.pdf (15 pages, 1227089 bytes).
PDF statistics:
 357 PDF objects out of 1000 (max. 8388607)
 307 compressed objects within 4 object streams
 109 named destinations out of 1000 (max. 500000)
 287 words of extra memory for PDF output out of 10000 (max. 10000000)

