\BOOKMARK [1][-]{section*.2}{\376\377\000B\000e\000f\000o\000r\000e\000\040\000y\000o\000u\000\040\000b\000e\000g\000i\000n}{}% 1
\BOOKMARK [1][-]{section*.3}{\376\377\000N\000o\000t\000e\000\040\000o\000n\000\040\000V\000e\000r\000s\000i\000o\000n\000\040\0003\000\040\000S\000e\000n\000s\000o\000r\000S\000t\000a\000t\000i\000o\000n}{}% 2
\BOOKMARK [1][-]{section*.4}{\376\377\000N\000o\000t\000e\000\040\000o\000n\000\040\000V\000e\000r\000s\000i\000o\000n\000\040\0001\000\040\000S\000e\000n\000s\000o\000r\000S\000t\000a\000t\000i\000o\000n\000s\000\040\000v\000s\000.\000\040\000V\000e\000r\000s\000i\000o\000n\000\040\0002\000\040\000S\000e\000n\000s\000o\000r\000S\000t\000a\000t\000i\000o\000n\000s}{}% 3
\BOOKMARK [1][-]{section*.5}{\376\377\000J\000o\000i\000n\000\040\000u\000s\000\040\000i\000n\000\040\000o\000u\000r\000\040\000S\000l\000a\000c\000k\000\040\000U\000s\000e\000r\000\040\000C\000o\000m\000m\000u\000n\000i\000t\000y}{}% 4
\BOOKMARK [1][-]{section*.6}{\376\377\000C\000o\000n\000g\000r\000a\000t\000u\000l\000a\000t\000i\000o\000n\000s}{}% 5
\BOOKMARK [1][-]{section*.7}{\376\377\000P\000a\000r\000t\000i\000c\000i\000p\000a\000t\000i\000n\000g\000\040\000i\000n\000\040\000t\000h\000e\000\040\000M\000o\000t\000u\000s\000\040\000W\000i\000l\000d\000l\000i\000f\000e\000\040\000T\000r\000a\000c\000k\000i\000n\000g\000\040\000S\000y\000s\000t\000e\000m}{}% 6
\BOOKMARK [1][-]{section*.8}{\376\377\000S\000e\000n\000s\000o\000r\000S\000t\000a\000t\000i\000o\000n\000\040\000P\000r\000e\000c\000a\000u\000t\000i\000o\000n\000s}{}% 7
\BOOKMARK [1][-]{section*.9}{\376\377\000S\000e\000t\000t\000i\000n\000g\000\040\000u\000p\000\040\000y\000o\000u\000r\000\040\000C\000T\000T\000\040\000I\000o\000W\000\040\000S\000y\000s\000t\000e\000m}{}% 8
\BOOKMARK [2][-]{section*.10}{\376\377\000L\000i\000f\000e\000T\000a\000g}{section*.9}% 9
\BOOKMARK [2][-]{section*.11}{\376\377\000P\000o\000w\000e\000r\000T\000a\000g}{section*.9}% 10
\BOOKMARK [2][-]{section*.12}{\376\377\000H\000y\000b\000r\000i\000d\000T\000a\000g}{section*.9}% 11
\BOOKMARK [2][-]{section*.13}{\376\377\000E\000S\000-\0002\0000\0000\000\040\000a\000n\000d\000\040\000E\000S\000-\0001\0005\0000}{section*.9}% 12
\BOOKMARK [2][-]{section*.14}{\376\377\000C\000T\000T\000\040\000S\000e\000n\000s\000o\000r\000S\000t\000a\000t\000i\000o\000n}{section*.9}% 13
\BOOKMARK [2][-]{section*.15}{\376\377\000C\000T\000T\000\040\000N\000o\000d\000e}{section*.9}% 14
\BOOKMARK [2][-]{section*.16}{\376\377\000U\000n\000d\000e\000r\000s\000t\000a\000n\000d\000i\000n\000g\000\040\000D\000e\000t\000e\000c\000t\000i\000o\000n\000\040\000D\000i\000s\000t\000a\000n\000c\000e\000s}{section*.9}% 15
\BOOKMARK [2][-]{section*.17}{\376\377\000S\000e\000n\000s\000o\000r\000S\000t\000a\000t\000i\000o\000n\000\040\000i\000n\000s\000t\000a\000l\000l\000a\000t\000i\000o\000n\000\040\000e\000x\000a\000m\000p\000l\000e}{section*.9}% 16
\BOOKMARK [2][-]{section*.22}{\376\377\000N\000o\000d\000e\000\040\000P\000l\000a\000c\000e\000m\000e\000n\000t}{section*.9}% 17
\BOOKMARK [2][-]{section*.23}{\376\377\000S\000e\000n\000s\000o\000r\000S\000t\000a\000t\000i\000o\000n\000\040\000P\000l\000a\000c\000e\000m\000e\000n\000t}{section*.9}% 18
\BOOKMARK [2][-]{section*.24}{\376\377\000S\000e\000n\000s\000o\000r\000S\000t\000a\000t\000i\000o\000n\000\040\000C\000o\000n\000f\000i\000g\000u\000r\000a\000t\000i\000o\000n\000\040\000a\000n\000d\000\040\000A\000n\000t\000e\000n\000n\000a\000\040\000D\000e\000t\000a\000i\000l}{section*.9}% 19
\BOOKMARK [1][-]{section*.28}{\376\377\000P\000o\000w\000e\000r\000i\000n\000g\000\040\000y\000o\000u\000r\000\040\000S\000e\000n\000s\000o\000r\000S\000t\000a\000t\000i\000o\000n}{}% 20
\BOOKMARK [2][-]{section*.29}{\376\377\000M\000o\000n\000i\000t\000o\000r\000i\000n\000g\000\040\000y\000o\000u\000r\000\040\000s\000o\000l\000a\000r\000\040\000v\000o\000l\000t\000a\000g\000e}{section*.28}% 21
\BOOKMARK [1][-]{section*.30}{\376\377\000P\000o\000w\000e\000r\000i\000n\000g\000\040\000O\000n\000\040\000y\000o\000u\000r\000\040\000S\000e\000n\000s\000o\000r\000S\000t\000a\000t\000i\000o\000n}{}% 22
\BOOKMARK [1][-]{section*.31}{\376\377\000S\000e\000n\000s\000o\000r\000S\000t\000a\000t\000i\000o\000n\000\040\000L\000E\000D\000s}{}% 23
\BOOKMARK [2][-]{section*.32}{\376\377\000D\000i\000a\000g\000n\000o\000s\000t\000i\000c\000\040\000A\000\040\000\050\000g\000r\000e\000e\000n\000\051}{section*.31}% 24
\BOOKMARK [2][-]{section*.33}{\376\377\000D\000i\000a\000g\000n\000o\000s\000t\000i\000c\000\040\000B\000\040\000\050\000r\000e\000d\000\051}{section*.31}% 25
\BOOKMARK [2][-]{section*.34}{\376\377\000G\000S\000M\000\040\000C\000e\000l\000l\000u\000l\000a\000r\000\040\000L\000E\000D\000\040\000\050\000b\000l\000u\000e\000\051}{section*.31}% 26
\BOOKMARK [1][-]{section*.35}{\376\377\000S\000e\000n\000s\000o\000r\000S\000t\000a\000t\000i\000o\000n\000\040\000N\000a\000v\000i\000g\000a\000t\000i\000o\000n\000\040\000B\000u\000t\000t\000o\000n\000s}{}% 27
\BOOKMARK [1][-]{section*.36}{\376\377\000S\000e\000n\000s\000o\000r\000S\000t\000a\000t\000i\000o\000n\000\040\000L\000C\000D\000\040\000M\000e\000n\000u}{}% 28
\BOOKMARK [1][-]{section*.37}{\376\377\000D\000o\000w\000n\000l\000o\000a\000d\000i\000n\000g\000\040\000y\000o\000u\000r\000\040\000d\000a\000t\000a\000\040\000v\000i\000a\000\040\000a\000\040\000U\000S\000B\000\040\000T\000h\000u\000m\000b\000\040\000D\000r\000i\000v\000e}{}% 29
\BOOKMARK [2][-]{section*.38}{\376\377\000W\000h\000a\000t\000'\000s\000\040\000i\000n\000\040\000t\000h\000e\000\040\000f\000o\000l\000d\000e\000r\000?}{section*.37}% 30
\BOOKMARK [1][-]{section*.39}{\376\377\000M\000a\000n\000u\000a\000l\000l\000y\000\040\000M\000a\000n\000a\000g\000i\000n\000g\000\040\000y\000o\000u\000r\000\040\000D\000a\000t\000a\000\040\000v\000i\000a\000\040\000t\000h\000e\000\040\000C\000o\000m\000m\000a\000n\000d\000\040\000L\000i\000n\000e}{}% 31
\BOOKMARK [2][-]{section*.40}{\376\377\000D\000o\000w\000n\000l\000o\000a\000d\000i\000n\000g\000\040\000y\000o\000u\000r\000\040\000d\000a\000t\000a\000\040\000v\000i\000a\000\040\000t\000h\000e\000\040\000c\000o\000m\000m\000a\000n\000d\000\040\000l\000i\000n\000e}{section*.39}% 32
\BOOKMARK [2][-]{section*.41}{\376\377\000C\000h\000e\000c\000k\000i\000n\000g\000\040\000f\000i\000l\000e\000\040\000s\000i\000z\000e\000s\000\040\000v\000i\000a\000\040\000t\000h\000e\000\040\000c\000o\000m\000m\000a\000n\000d\000\040\000l\000i\000n\000e}{section*.39}% 33
\BOOKMARK [2][-]{section*.42}{\376\377\000D\000e\000l\000e\000t\000i\000n\000g\000\040\000d\000a\000t\000a\000\040\000f\000i\000l\000e\000s\000\040\000v\000i\000a\000\040\000t\000h\000e\000\040\000c\000o\000m\000m\000a\000n\000d\000\040\000l\000i\000n\000e}{section*.39}% 34
\BOOKMARK [1][-]{section*.43}{\376\377\000C\000o\000n\000n\000e\000c\000t\000i\000n\000g\000\040\000t\000o\000\040\000y\000o\000u\000r\000\040\000S\000e\000n\000s\000o\000r\000S\000t\000a\000t\000i\000o\000n\000\040\000W\000e\000b\000\040\000I\000n\000t\000e\000r\000f\000a\000c\000e}{}% 35
\BOOKMARK [2][-]{section*.44}{\376\377\000C\000o\000n\000n\000e\000c\000t\000i\000n\000g\000\040\000v\000i\000a\000\040\000E\000t\000h\000e\000r\000n\000e\000t\000\040\000C\000a\000b\000l\000e}{section*.43}% 36
\BOOKMARK [2][-]{section*.47}{\376\377\000A\000d\000d\000i\000n\000g\000\040\000y\000o\000u\000r\000\040\000W\000i\000F\000i\000\040\000C\000r\000e\000d\000e\000n\000t\000i\000a\000l\000s\000\040\000t\000o\000\040\000y\000o\000u\000r\000\040\000S\000e\000n\000s\000o\000r\000S\000t\000a\000t\000i\000o\000n\000\040\000v\000i\000a\000\040\000t\000h\000e\000\040\000C\000o\000m\000m\000a\000n\000d\000\040\000L\000i\000n\000e}{section*.43}% 37
\BOOKMARK [2][-]{section*.52}{\376\377\000U\000p\000l\000o\000a\000d\000i\000n\000g\000\040\000y\000o\000u\000r\000\040\000W\000i\000F\000i\000\040\000C\000r\000e\000d\000e\000n\000t\000i\000a\000l\000s\000\040\000t\000o\000\040\000y\000o\000u\000r\000\040\000S\000e\000n\000s\000o\000r\000S\000t\000a\000t\000i\000o\000n\000\040\000v\000i\000a\000\040\000t\000h\000e\000\040\000U\000S\000B\000\040\000P\000o\000r\000t}{section*.43}% 38
\BOOKMARK [1][-]{section*.57}{\376\377\000T\000h\000e\000\040\000S\000e\000n\000s\000o\000r\000S\000t\000a\000t\000i\000o\000n\000\040\000I\000n\000t\000e\000r\000f\000a\000c\000e\000\040\000E\000x\000p\000l\000a\000i\000n\000e\000d}{}% 39
\BOOKMARK [2][-]{section*.58}{\376\377\000N\000o\000d\000e\000s}{section*.57}% 40
\BOOKMARK [2][-]{section*.59}{\376\377\000L\000i\000v\000e\000\040\000T\000a\000g\000s}{section*.57}% 41
\BOOKMARK [2][-]{section*.60}{\376\377\000S\000t\000a\000t\000i\000o\000n}{section*.57}% 42
\BOOKMARK [2][-]{section*.61}{\376\377\000S\000y\000s\000t\000e\000m\000\040\000V\000e\000r\000s\000i\000o\000n\000i\000n\000g\000\040\000D\000e\000t\000a\000i\000l\000s}{section*.57}% 43
\BOOKMARK [2][-]{section*.62}{\376\377\000S\000e\000n\000s\000o\000r\000S\000t\000a\000t\000i\000o\000n\000\040\000L\000o\000g}{section*.57}% 44
\BOOKMARK [2][-]{section*.63}{\376\377\000G\000P\000S}{section*.57}% 45
\BOOKMARK [2][-]{section*.64}{\376\377\000R\000a\000d\000i\000o\000s\000\040\000\050\0001\000-\0005\000\051}{section*.57}% 46
\BOOKMARK [2][-]{section*.66}{\376\377\000D\000a\000t\000a\000\040\000M\000a\000n\000a\000g\000e\000m\000e\000n\000t}{section*.57}% 47
\BOOKMARK [2][-]{section*.67}{\376\377\000S\000e\000r\000v\000e\000r\000\040\000U\000t\000i\000l\000i\000t\000i\000e\000s}{section*.57}% 48
\BOOKMARK [2][-]{section*.69}{\376\377\000S\000t\000a\000t\000i\000o\000n\000\040\000L\000o\000g}{section*.57}% 49
\BOOKMARK [2][-]{section*.70}{\376\377\000C\000T\000T\000\040\000T\000a\000g\000\040\000D\000a\000t\000a}{section*.57}% 50
\BOOKMARK [2][-]{section*.71}{\376\377\000N\000a\000n\000o\000t\000a\000g\000\040\000D\000a\000t\000a}{section*.57}% 51
\BOOKMARK [2][-]{section*.73}{\376\377\000S\000e\000n\000s\000o\000r\000g\000n\000o\000m\000e\000\040\000I\000n\000t\000e\000r\000f\000a\000c\000e}{section*.57}% 52
\BOOKMARK [2][-]{section*.74}{\376\377\000S\000e\000n\000s\000o\000r\000g\000n\000o\000m\000e\000\040\000D\000e\000p\000l\000o\000y\000m\000e\000n\000t\000\040\000F\000i\000l\000e}{section*.57}% 53
\BOOKMARK [2][-]{section*.75}{\376\377\000R\000e\000b\000o\000o\000t\000\040\000B\000u\000t\000t\000o\000n}{section*.57}% 54
\BOOKMARK [1][-]{section*.76}{\376\377\000T\000r\000o\000u\000b\000l\000e\000s\000h\000o\000o\000t\000i\000n\000g}{}% 55
\BOOKMARK [1][-]{section*.77}{\376\377\000K\000n\000o\000w\000n\000\040\000B\000u\000g\000s}{}% 56
\BOOKMARK [1][-]{section*.78}{\376\377\000F\000i\000n\000a\000l\000\040\000T\000h\000o\000u\000g\000h\000t\000s}{}% 57
\BOOKMARK [1][-]{section*.79}{\376\377\000A\000p\000p\000e\000n\000d\000i\000x\000\040\000I\000:\000\040\000L\000e\000v\000e\000r\000a\000g\000i\000n\000g\000\040\000y\000o\000u\000r\000\040\000C\000T\000T\000\040\000I\000n\000f\000r\000a\000s\000t\000r\000u\000c\000t\000u\000r\000e\000\040\000w\000i\000t\000h\000\040\000M\000o\000t\000u\000s}{}% 58
\BOOKMARK [2][-]{section*.80}{\376\377\000T\000h\000e\000\040\000M\000o\000t\000u\000s\000\040\000W\000i\000l\000d\000l\000i\000f\000e\000\040\000T\000r\000a\000c\000k\000i\000n\000g\000\040\000S\000y\000s\000t\000e\000m}{section*.79}% 59
\BOOKMARK [2][-]{section*.81}{\376\377\000W\000h\000a\000t\000\040\000i\000s\000\040\000M\000o\000t\000u\000s\000?}{section*.79}% 60
\BOOKMARK [2][-]{section*.82}{\376\377\000H\000o\000w\000\040\000d\000o\000e\000s\000\040\000M\000o\000t\000u\000s\000\040\000w\000o\000r\000k\000?}{section*.79}% 61
\BOOKMARK [2][-]{section*.83}{\376\377\000W\000h\000a\000t\000'\000s\000\040\000t\000h\000e\000\040\000c\000o\000s\000t\000?}{section*.79}% 62
\BOOKMARK [2][-]{section*.84}{\376\377\000D\000a\000t\000a\000\040\000O\000w\000n\000e\000r\000s\000h\000i\000p\000/\000P\000r\000i\000v\000a\000c\000y}{section*.79}% 63
\BOOKMARK [2][-]{section*.85}{\376\377\000H\000o\000w\000\040\000t\000o\000\040\000j\000o\000i\000n\000\040\000M\000o\000t\000u\000s\000?\000\040\000I\000n\000\040\0003\000\040\000o\000r\000\040\0005\000\040\000e\000a\000s\000y\000\040\000s\000t\000e\000p\000s}{section*.79}% 64
\BOOKMARK [2][-]{section*.86}{\376\377\000M\000o\000t\000u\000s\000\040\000p\000r\000o\000v\000i\000d\000e\000s}{section*.79}% 65
\BOOKMARK [2][-]{section*.92}{\376\377\000M\000o\000t\000u\000s\000\040\000i\000s\000\040\000a\000d\000v\000a\000n\000c\000i\000n\000g}{section*.79}% 66
\BOOKMARK [1][-]{section*.93}{\376\377\000A\000p\000p\000e\000n\000d\000i\000x\000\040\000I\000I\000:\000\040\000Q\000u\000i\000c\000k\000s\000t\000a\000r\000t\000\040\000G\000u\000i\000d\000e\000\040\000\050\000S\000e\000n\000s\000o\000r\000s\000t\000a\000t\000i\000o\000n\000\040\000V\0002\000\051\000\173\000V\0002\000Q\000u\000i\000c\000k\000s\000t\000a\000r\000t\000\175}{}% 67
\BOOKMARK [2][-]{section*.94}{\376\377\000P\000r\000i\000o\000r\000\040\000t\000o\000\040\000P\000o\000w\000e\000r\000i\000n\000g\000\040\000U\000p}{section*.93}% 68
\BOOKMARK [2][-]{section*.95}{\376\377\000I\000n\000i\000t\000i\000a\000l\000\040\000B\000o\000o\000t\000-\000u\000p\000\040\000o\000f\000\040\000a\000\040\000S\000e\000n\000s\000o\000r\000S\000t\000a\000t\000i\000o\000n}{section*.93}% 69
\BOOKMARK [1][-]{section*.96}{\376\377\000A\000p\000p\000e\000n\000d\000i\000x\000\040\000I\000I\000I\000:\000\040\000Q\000i\000c\000k\000s\000t\000a\000r\000t\000\040\000G\000u\000i\000d\000e\000\040\000\050\000S\000e\000n\000s\000o\000r\000S\000t\000a\000t\000i\000o\000n\000\040\000V\0001\000\051}{}% 70
\BOOKMARK [2][-]{section*.97}{\376\377\000P\000o\000w\000e\000r\000i\000n\000g\000\040\000U\000p}{section*.96}% 71
\BOOKMARK [2][-]{section*.98}{\376\377\000I\000n\000i\000t\000i\000a\000l\000\040\000B\000o\000o\000t\000-\000u\000p\000\040\000o\000f\000\040\000a\000\040\000S\000e\000n\000s\000o\000r\000S\000t\000a\000t\000i\000o\000n}{section*.96}% 72
\BOOKMARK [1][-]{section*.99}{\376\377\000A\000p\000p\000e\000n\000d\000i\000x\000\040\000I\000V\000:\000\040\000M\000a\000t\000e\000r\000i\000a\000l\000s\000\040\000L\000i\000s\000t}{}% 73
