This is pdfTeX, Version 3.141592653-2.6-1.40.23 (TeX Live 2022/dev) (preloaded format=pdflatex 2022.3.18)  28 JUN 2022 22:16
entering extended mode
 restricted \write18 enabled.
 %&-line parsing enabled.
**SensorStation-User-Guide.tex
(./SensorStation-User-Guide.tex
LaTeX2e <2021-11-15> patch level 1
L3 programming layer <2022-02-24> (/Users/davidlapuma/Library/TinyTeX/texmf-dis
t/tex/latex/base/article.cls
Document Class: article 2021/10/04 v1.4n Standard LaTeX document class
(/Users/davidlapuma/Library/TinyTeX/texmf-dist/tex/latex/base/size10.clo
File: size10.clo 2021/10/04 v1.4n Standard LaTeX file (size option)
)
\c@part=\count185
\c@section=\count186
\c@subsection=\count187
\c@subsubsection=\count188
\c@paragraph=\count189
\c@subparagraph=\count190
\c@figure=\count191
\c@table=\count192
\abovecaptionskip=\skip47
\belowcaptionskip=\skip48
\bibindent=\dimen138
) (/Users/davidlapuma/Library/TinyTeX/texmf-dist/tex/latex/amsmath/amsmath.sty
Package: amsmath 2021/10/15 v2.17l AMS math features
\@mathmargin=\skip49
For additional information on amsmath, use the `?' option.
(/Users/davidlapuma/Library/TinyTeX/texmf-dist/tex/latex/amsmath/amstext.sty
Package: amstext 2021/08/26 v2.01 AMS text
(/Users/davidlapuma/Library/TinyTeX/texmf-dist/tex/latex/amsmath/amsgen.sty
File: amsgen.sty 1999/11/30 v2.0 generic functions
\@emptytoks=\toks16
\ex@=\dimen139
)) (/Users/davidlapuma/Library/TinyTeX/texmf-dist/tex/latex/amsmath/amsbsy.sty
Package: amsbsy 1999/11/29 v1.2d Bold Symbols
\pmbraise@=\dimen140
) (/Users/davidlapuma/Library/TinyTeX/texmf-dist/tex/latex/amsmath/amsopn.sty
Package: amsopn 2021/08/26 v2.02 operator names
)
\inf@bad=\count193
LaTeX Info: Redefining \frac on input line 234.
\uproot@=\count194
\leftroot@=\count195
LaTeX Info: Redefining \overline on input line 399.
\classnum@=\count196
\DOTSCASE@=\count197
LaTeX Info: Redefining \ldots on input line 496.
LaTeX Info: Redefining \dots on input line 499.
LaTeX Info: Redefining \cdots on input line 620.
\Mathstrutbox@=\box50
\strutbox@=\box51
\big@size=\dimen141
LaTeX Font Info:    Redeclaring font encoding OML on input line 743.
LaTeX Font Info:    Redeclaring font encoding OMS on input line 744.
\macc@depth=\count198
\c@MaxMatrixCols=\count199
\dotsspace@=\muskip16
\c@parentequation=\count266
\dspbrk@lvl=\count267
\tag@help=\toks17
\row@=\count268
\column@=\count269
\maxfields@=\count270
\andhelp@=\toks18
\eqnshift@=\dimen142
\alignsep@=\dimen143
\tagshift@=\dimen144
\tagwidth@=\dimen145
\totwidth@=\dimen146
\lineht@=\dimen147
\@envbody=\toks19
\multlinegap=\skip50
\multlinetaggap=\skip51
\mathdisplay@stack=\toks20
LaTeX Info: Redefining \[ on input line 2938.
LaTeX Info: Redefining \] on input line 2939.
) (/Users/davidlapuma/Library/TinyTeX/texmf-dist/tex/latex/amsfonts/amssymb.sty
Package: amssymb 2013/01/14 v3.01 AMS font symbols
(/Users/davidlapuma/Library/TinyTeX/texmf-dist/tex/latex/amsfonts/amsfonts.sty
Package: amsfonts 2013/01/14 v3.01 Basic AMSFonts support
\symAMSa=\mathgroup4
\symAMSb=\mathgroup5
LaTeX Font Info:    Redeclaring math symbol \hbar on input line 98.
LaTeX Font Info:    Overwriting math alphabet `\mathfrak' in version `bold'
(Font)                  U/euf/m/n --> U/euf/b/n on input line 106.
)) (/Users/davidlapuma/Library/TinyTeX/texmf-dist/tex/latex/lm/lmodern.sty
Package: lmodern 2015/05/01 v1.6.1 Latin Modern Fonts
LaTeX Font Info:    Overwriting symbol font `operators' in version `normal'
(Font)                  OT1/cmr/m/n --> OT1/lmr/m/n on input line 22.
LaTeX Font Info:    Overwriting symbol font `letters' in version `normal'
(Font)                  OML/cmm/m/it --> OML/lmm/m/it on input line 23.
LaTeX Font Info:    Overwriting symbol font `symbols' in version `normal'
(Font)                  OMS/cmsy/m/n --> OMS/lmsy/m/n on input line 24.
LaTeX Font Info:    Overwriting symbol font `largesymbols' in version `normal'
(Font)                  OMX/cmex/m/n --> OMX/lmex/m/n on input line 25.
LaTeX Font Info:    Overwriting symbol font `operators' in version `bold'
(Font)                  OT1/cmr/bx/n --> OT1/lmr/bx/n on input line 26.
LaTeX Font Info:    Overwriting symbol font `letters' in version `bold'
(Font)                  OML/cmm/b/it --> OML/lmm/b/it on input line 27.
LaTeX Font Info:    Overwriting symbol font `symbols' in version `bold'
(Font)                  OMS/cmsy/b/n --> OMS/lmsy/b/n on input line 28.
LaTeX Font Info:    Overwriting symbol font `largesymbols' in version `bold'
(Font)                  OMX/cmex/m/n --> OMX/lmex/m/n on input line 29.
LaTeX Font Info:    Overwriting math alphabet `\mathbf' in version `normal'
(Font)                  OT1/cmr/bx/n --> OT1/lmr/bx/n on input line 31.
LaTeX Font Info:    Overwriting math alphabet `\mathsf' in version `normal'
(Font)                  OT1/cmss/m/n --> OT1/lmss/m/n on input line 32.
LaTeX Font Info:    Overwriting math alphabet `\mathit' in version `normal'
(Font)                  OT1/cmr/m/it --> OT1/lmr/m/it on input line 33.
LaTeX Font Info:    Overwriting math alphabet `\mathtt' in version `normal'
(Font)                  OT1/cmtt/m/n --> OT1/lmtt/m/n on input line 34.
LaTeX Font Info:    Overwriting math alphabet `\mathbf' in version `bold'
(Font)                  OT1/cmr/bx/n --> OT1/lmr/bx/n on input line 35.
LaTeX Font Info:    Overwriting math alphabet `\mathsf' in version `bold'
(Font)                  OT1/cmss/bx/n --> OT1/lmss/bx/n on input line 36.
LaTeX Font Info:    Overwriting math alphabet `\mathit' in version `bold'
(Font)                  OT1/cmr/bx/it --> OT1/lmr/bx/it on input line 37.
LaTeX Font Info:    Overwriting math alphabet `\mathtt' in version `bold'
(Font)                  OT1/cmtt/m/n --> OT1/lmtt/m/n on input line 38.
) (/Users/davidlapuma/Library/TinyTeX/texmf-dist/tex/generic/iftex/iftex.sty
Package: iftex 2022/02/03 v1.0f TeX engine tests
) (/Users/davidlapuma/Library/TinyTeX/texmf-dist/tex/latex/base/fontenc.sty
Package: fontenc 2021/04/29 v2.0v Standard LaTeX package
LaTeX Font Info:    Trying to load font information for T1+lmr on input line 11
2.
(/Users/davidlapuma/Library/TinyTeX/texmf-dist/tex/latex/lm/t1lmr.fd
File: t1lmr.fd 2015/05/01 v1.6.1 Font defs for Latin Modern
)) (/Users/davidlapuma/Library/TinyTeX/texmf-dist/tex/latex/base/inputenc.sty
Package: inputenc 2021/02/14 v1.3d Input encoding file
\inpenc@prehook=\toks21
\inpenc@posthook=\toks22
) (/Users/davidlapuma/Library/TinyTeX/texmf-dist/tex/latex/base/textcomp.sty
Package: textcomp 2020/02/02 v2.0n Standard LaTeX package
) (/Users/davidlapuma/Library/TinyTeX/texmf-dist/tex/latex/parskip/parskip.sty
Package: parskip 2021-03-14 v2.0h non-zero parskip adjustments

(/Users/davidlapuma/Library/TinyTeX/texmf-dist/tex/latex/kvoptions/kvoptions.st
y
Package: kvoptions 2020-10-07 v3.14 Key value format for package options (HO)
(/Users/davidlapuma/Library/TinyTeX/texmf-dist/tex/latex/graphics/keyval.sty
Package: keyval 2014/10/28 v1.15 key=value parser (DPC)
\KV@toks@=\toks23
) (/Users/davidlapuma/Library/TinyTeX/texmf-dist/tex/generic/ltxcmds/ltxcmds.st
y
Package: ltxcmds 2020-05-10 v1.25 LaTeX kernel commands for general use (HO)
)
(/Users/davidlapuma/Library/TinyTeX/texmf-dist/tex/generic/kvsetkeys/kvsetkeys.
sty
Package: kvsetkeys 2019/12/15 v1.18 Key value parser (HO)
)) (/Users/davidlapuma/Library/TinyTeX/texmf-dist/tex/latex/etoolbox/etoolbox.s
ty
Package: etoolbox 2020/10/05 v2.5k e-TeX tools for LaTeX (JAW)
\etb@tempcnta=\count271
)) (/Users/davidlapuma/Library/TinyTeX/texmf-dist/tex/latex/xcolor/xcolor.sty
Package: xcolor 2021/10/31 v2.13 LaTeX color extensions (UK)

(/Users/davidlapuma/Library/TinyTeX/texmf-dist/tex/latex/graphics-cfg/color.cfg
File: color.cfg 2016/01/02 v1.6 sample color configuration
)
Package xcolor Info: Driver file: pdftex.def on input line 227.

(/Users/davidlapuma/Library/TinyTeX/texmf-dist/tex/latex/graphics-def/pdftex.de
f
File: pdftex.def 2020/10/05 v1.2a Graphics/color driver for pdftex
)
Package xcolor Info: Model `cmy' substituted by `cmy0' on input line 1352.
Package xcolor Info: Model `hsb' substituted by `rgb' on input line 1356.
Package xcolor Info: Model `RGB' extended on input line 1368.
Package xcolor Info: Model `HTML' substituted by `rgb' on input line 1370.
Package xcolor Info: Model `Hsb' substituted by `hsb' on input line 1371.
Package xcolor Info: Model `tHsb' substituted by `hsb' on input line 1372.
Package xcolor Info: Model `HSB' substituted by `hsb' on input line 1373.
Package xcolor Info: Model `Gray' substituted by `gray' on input line 1374.
Package xcolor Info: Model `wave' substituted by `hsb' on input line 1375.
) (/Users/davidlapuma/Library/TinyTeX/texmf-dist/tex/latex/hyperref/hyperref.st
y
Package: hyperref 2022-02-21 v7.00n Hypertext links for LaTeX

(/Users/davidlapuma/Library/TinyTeX/texmf-dist/tex/generic/pdftexcmds/pdftexcmd
s.sty
Package: pdftexcmds 2020-06-27 v0.33 Utility functions of pdfTeX for LuaTeX (HO
)

(/Users/davidlapuma/Library/TinyTeX/texmf-dist/tex/generic/infwarerr/infwarerr.
sty
Package: infwarerr 2019/12/03 v1.5 Providing info/warning/error messages (HO)
)
Package pdftexcmds Info: \pdf@primitive is available.
Package pdftexcmds Info: \pdf@ifprimitive is available.
Package pdftexcmds Info: \pdfdraftmode found.
)
(/Users/davidlapuma/Library/TinyTeX/texmf-dist/tex/generic/kvdefinekeys/kvdefin
ekeys.sty
Package: kvdefinekeys 2019-12-19 v1.6 Define keys (HO)
)
(/Users/davidlapuma/Library/TinyTeX/texmf-dist/tex/generic/pdfescape/pdfescape.
sty
Package: pdfescape 2019/12/09 v1.15 Implements pdfTeX's escape features (HO)
) (/Users/davidlapuma/Library/TinyTeX/texmf-dist/tex/latex/hycolor/hycolor.sty
Package: hycolor 2020-01-27 v1.10 Color options for hyperref/bookmark (HO)
)
(/Users/davidlapuma/Library/TinyTeX/texmf-dist/tex/latex/letltxmacro/letltxmacr
o.sty
Package: letltxmacro 2019/12/03 v1.6 Let assignment for LaTeX macros (HO)
) (/Users/davidlapuma/Library/TinyTeX/texmf-dist/tex/latex/auxhook/auxhook.sty
Package: auxhook 2019-12-17 v1.6 Hooks for auxiliary files (HO)
)
\@linkdim=\dimen148
\Hy@linkcounter=\count272
\Hy@pagecounter=\count273
(/Users/davidlapuma/Library/TinyTeX/texmf-dist/tex/latex/hyperref/pd1enc.def
File: pd1enc.def 2022-02-21 v7.00n Hyperref: PDFDocEncoding definition (HO)
Now handling font encoding PD1 ...
... no UTF-8 mapping file for font encoding PD1
) (/Users/davidlapuma/Library/TinyTeX/texmf-dist/tex/generic/intcalc/intcalc.st
y
Package: intcalc 2019/12/15 v1.3 Expandable calculations with integers (HO)
)
(/Users/davidlapuma/Library/TinyTeX/texmf-dist/tex/generic/etexcmds/etexcmds.st
y
Package: etexcmds 2019/12/15 v1.7 Avoid name clashes with e-TeX commands (HO)
)
\Hy@SavedSpaceFactor=\count274
(/Users/davidlapuma/Library/TinyTeX/texmf-dist/tex/latex/hyperref/puenc.def
File: puenc.def 2022-02-21 v7.00n Hyperref: PDF Unicode definition (HO)
Now handling font encoding PU ...
... no UTF-8 mapping file for font encoding PU
)
Package hyperref Info: Option `unicode' set `true' on input line 4018.
Package hyperref Info: Hyper figures OFF on input line 4137.
Package hyperref Info: Link nesting OFF on input line 4142.
Package hyperref Info: Hyper index ON on input line 4145.
Package hyperref Info: Plain pages OFF on input line 4152.
Package hyperref Info: Backreferencing OFF on input line 4157.
Package hyperref Info: Implicit mode ON; LaTeX internals redefined.
Package hyperref Info: Bookmarks ON on input line 4390.
\c@Hy@tempcnt=\count275
(/Users/davidlapuma/Library/TinyTeX/texmf-dist/tex/latex/url/url.sty
\Urlmuskip=\muskip17
Package: url 2013/09/16  ver 3.4  Verb mode for urls, etc.
)
LaTeX Info: Redefining \url on input line 4749.
\XeTeXLinkMargin=\dimen149
(/Users/davidlapuma/Library/TinyTeX/texmf-dist/tex/generic/bitset/bitset.sty
Package: bitset 2019/12/09 v1.3 Handle bit-vector datatype (HO)

(/Users/davidlapuma/Library/TinyTeX/texmf-dist/tex/generic/bigintcalc/bigintcal
c.sty
Package: bigintcalc 2019/12/15 v1.5 Expandable calculations on big integers (HO
)
))
\Fld@menulength=\count276
\Field@Width=\dimen150
\Fld@charsize=\dimen151
Package hyperref Info: Hyper figures OFF on input line 6027.
Package hyperref Info: Link nesting OFF on input line 6032.
Package hyperref Info: Hyper index ON on input line 6035.
Package hyperref Info: backreferencing OFF on input line 6042.
Package hyperref Info: Link coloring OFF on input line 6047.
Package hyperref Info: Link coloring with OCG OFF on input line 6052.
Package hyperref Info: PDF/A mode OFF on input line 6057.
LaTeX Info: Redefining \ref on input line 6097.
LaTeX Info: Redefining \pageref on input line 6101.
(/Users/davidlapuma/Library/TinyTeX/texmf-dist/tex/latex/base/atbegshi-ltx.sty
Package: atbegshi-ltx 2021/01/10 v1.0c Emulation of the original atbegshi
package with kernel methods
)
\Hy@abspage=\count277
\c@Item=\count278
\c@Hfootnote=\count279
)
Package hyperref Info: Driver (autodetected): hpdftex.
(/Users/davidlapuma/Library/TinyTeX/texmf-dist/tex/latex/hyperref/hpdftex.def
File: hpdftex.def 2022-02-21 v7.00n Hyperref driver for pdfTeX

(/Users/davidlapuma/Library/TinyTeX/texmf-dist/tex/latex/base/atveryend-ltx.sty
Package: atveryend-ltx 2020/08/19 v1.0a Emulation of the original atveryend pac
kage
with kernel methods
)
\Fld@listcount=\count280
\c@bookmark@seq@number=\count281

(/Users/davidlapuma/Library/TinyTeX/texmf-dist/tex/latex/rerunfilecheck/rerunfi
lecheck.sty
Package: rerunfilecheck 2019/12/05 v1.9 Rerun checks for auxiliary files (HO)

(/Users/davidlapuma/Library/TinyTeX/texmf-dist/tex/generic/uniquecounter/unique
counter.sty
Package: uniquecounter 2019/12/15 v1.4 Provide unlimited unique counter (HO)
)
Package uniquecounter Info: New unique counter `rerunfilecheck' on input line 2
86.
)
\Hy@SectionHShift=\skip52
) (/Users/davidlapuma/Library/TinyTeX/texmf-dist/tex/latex/geometry/geometry.st
y
Package: geometry 2020/01/02 v5.9 Page Geometry
(/Users/davidlapuma/Library/TinyTeX/texmf-dist/tex/generic/iftex/ifvtex.sty
Package: ifvtex 2019/10/25 v1.7 ifvtex legacy package. Use iftex instead.
)
\Gm@cnth=\count282
\Gm@cntv=\count283
\c@Gm@tempcnt=\count284
\Gm@bindingoffset=\dimen152
\Gm@wd@mp=\dimen153
\Gm@odd@mp=\dimen154
\Gm@even@mp=\dimen155
\Gm@layoutwidth=\dimen156
\Gm@layoutheight=\dimen157
\Gm@layouthoffset=\dimen158
\Gm@layoutvoffset=\dimen159
\Gm@dimlist=\toks24
) (/Users/davidlapuma/Library/TinyTeX/texmf-dist/tex/latex/tools/longtable.sty
Package: longtable 2021-09-01 v4.17 Multi-page Table package (DPC)
\LTleft=\skip53
\LTright=\skip54
\LTpre=\skip55
\LTpost=\skip56
\LTchunksize=\count285
\LTcapwidth=\dimen160
\LT@head=\box52
\LT@firsthead=\box53
\LT@foot=\box54
\LT@lastfoot=\box55
\LT@gbox=\box56
\LT@cols=\count286
\LT@rows=\count287
\c@LT@tables=\count288
\c@LT@chunks=\count289
\LT@p@ftn=\toks25
) (/Users/davidlapuma/Library/TinyTeX/texmf-dist/tex/latex/booktabs/booktabs.st
y
Package: booktabs 2020/01/12 v1.61803398 Publication quality tables
\heavyrulewidth=\dimen161
\lightrulewidth=\dimen162
\cmidrulewidth=\dimen163
\belowrulesep=\dimen164
\belowbottomsep=\dimen165
\aboverulesep=\dimen166
\abovetopsep=\dimen167
\cmidrulesep=\dimen168
\cmidrulekern=\dimen169
\defaultaddspace=\dimen170
\@cmidla=\count290
\@cmidlb=\count291
\@aboverulesep=\dimen171
\@belowrulesep=\dimen172
\@thisruleclass=\count292
\@lastruleclass=\count293
\@thisrulewidth=\dimen173
) (/Users/davidlapuma/Library/TinyTeX/texmf-dist/tex/latex/tools/array.sty
Package: array 2021/10/04 v2.5f Tabular extension package (FMi)
\col@sep=\dimen174
\ar@mcellbox=\box57
\extrarowheight=\dimen175
\NC@list=\toks26
\extratabsurround=\skip57
\backup@length=\skip58
\ar@cellbox=\box58
) (/Users/davidlapuma/Library/TinyTeX/texmf-dist/tex/latex/tools/calc.sty
Package: calc 2017/05/25 v4.3 Infix arithmetic (KKT,FJ)
\calc@Acount=\count294
\calc@Bcount=\count295
\calc@Adimen=\dimen176
\calc@Bdimen=\dimen177
\calc@Askip=\skip59
\calc@Bskip=\skip60
LaTeX Info: Redefining \setlength on input line 80.
LaTeX Info: Redefining \addtolength on input line 81.
\calc@Ccount=\count296
\calc@Cskip=\skip61
) (/Users/davidlapuma/Library/TinyTeX/texmf-dist/tex/latex/mdwtools/footnote.st
y
Package: footnote 1997/01/28 1.13 Save footnotes around boxes
\fn@notes=\box59
\fn@width=\dimen178
) (/Users/davidlapuma/Library/TinyTeX/texmf-dist/tex/latex/graphics/graphicx.st
y
Package: graphicx 2021/09/16 v1.2d Enhanced LaTeX Graphics (DPC,SPQR)
(/Users/davidlapuma/Library/TinyTeX/texmf-dist/tex/latex/graphics/graphics.sty
Package: graphics 2021/03/04 v1.4d Standard LaTeX Graphics (DPC,SPQR)
(/Users/davidlapuma/Library/TinyTeX/texmf-dist/tex/latex/graphics/trig.sty
Package: trig 2021/08/11 v1.11 sin cos tan (DPC)
)
(/Users/davidlapuma/Library/TinyTeX/texmf-dist/tex/latex/graphics-cfg/graphics.
cfg
File: graphics.cfg 2016/06/04 v1.11 sample graphics configuration
)
Package graphics Info: Driver file: pdftex.def on input line 107.
)
\Gin@req@height=\dimen179
\Gin@req@width=\dimen180
)
(/Users/davidlapuma/Library/TinyTeX/texmf-dist/tex/latex/l3backend/l3backend-pd
ftex.def
File: l3backend-pdftex.def 2022-02-07 L3 backend support: PDF output (pdfTeX)
\l__color_backend_stack_int=\count297
\l__pdf_internal_box=\box60
) (./SensorStation-User-Guide.aux

LaTeX Warning: Label `id' multiply defined.


LaTeX Warning: Label `id' multiply defined.


LaTeX Warning: Label `id' multiply defined.

)
\openout1 = `SensorStation-User-Guide.aux'.

LaTeX Font Info:    Checking defaults for OML/cmm/m/it on input line 81.
LaTeX Font Info:    ... okay on input line 81.
LaTeX Font Info:    Checking defaults for OMS/cmsy/m/n on input line 81.
LaTeX Font Info:    ... okay on input line 81.
LaTeX Font Info:    Checking defaults for OT1/cmr/m/n on input line 81.
LaTeX Font Info:    ... okay on input line 81.
LaTeX Font Info:    Checking defaults for T1/cmr/m/n on input line 81.
LaTeX Font Info:    ... okay on input line 81.
LaTeX Font Info:    Checking defaults for TS1/cmr/m/n on input line 81.
LaTeX Font Info:    ... okay on input line 81.
LaTeX Font Info:    Checking defaults for OMX/cmex/m/n on input line 81.
LaTeX Font Info:    ... okay on input line 81.
LaTeX Font Info:    Checking defaults for U/cmr/m/n on input line 81.
LaTeX Font Info:    ... okay on input line 81.
LaTeX Font Info:    Checking defaults for PD1/pdf/m/n on input line 81.
LaTeX Font Info:    ... okay on input line 81.
LaTeX Font Info:    Checking defaults for PU/pdf/m/n on input line 81.
LaTeX Font Info:    ... okay on input line 81.

(/Users/davidlapuma/Library/TinyTeX/texmf-dist/tex/latex/epstopdf-pkg/epstopdf-
base.sty
Package: epstopdf-base 2020-01-24 v2.11 Base part for package epstopdf
Package epstopdf-base Info: Redefining graphics rule for `.eps' on input line 4
85.

(/Users/davidlapuma/Library/TinyTeX/texmf-dist/tex/latex/latexconfig/epstopdf-s
ys.cfg
File: epstopdf-sys.cfg 2010/07/13 v1.3 Configuration of (r)epstopdf for TeX Liv
e
))
Package hyperref Info: Link coloring OFF on input line 81.
(/Users/davidlapuma/Library/TinyTeX/texmf-dist/tex/latex/hyperref/nameref.sty
Package: nameref 2021-04-02 v2.47 Cross-referencing by name of section
(/Users/davidlapuma/Library/TinyTeX/texmf-dist/tex/latex/refcount/refcount.sty
Package: refcount 2019/12/15 v3.6 Data extraction from label references (HO)
)
(/Users/davidlapuma/Library/TinyTeX/texmf-dist/tex/generic/gettitlestring/getti
tlestring.sty
Package: gettitlestring 2019/12/15 v1.6 Cleanup title references (HO)
)
\c@section@level=\count298
)
LaTeX Info: Redefining \ref on input line 81.
LaTeX Info: Redefining \pageref on input line 81.
LaTeX Info: Redefining \nameref on input line 81.
(./SensorStation-User-Guide.out) (./SensorStation-User-Guide.out)
\@outlinefile=\write3
\openout3 = `SensorStation-User-Guide.out'.

*geometry* driver: auto-detecting
*geometry* detected driver: pdftex
*geometry* verbose mode - [ preamble ] result:
* driver: pdftex
* paper: <default>
* layout: <same size as paper>
* layoutoffset:(h,v)=(0.0pt,0.0pt)
* modes: 
* h-part:(L,W,R)=(72.26999pt, 469.75502pt, 72.26999pt)
* v-part:(T,H,B)=(72.26999pt, 650.43001pt, 72.26999pt)
* \paperwidth=614.295pt
* \paperheight=794.96999pt
* \textwidth=469.75502pt
* \textheight=650.43001pt
* \oddsidemargin=0.0pt
* \evensidemargin=0.0pt
* \topmargin=-37.0pt
* \headheight=12.0pt
* \headsep=25.0pt
* \topskip=10.0pt
* \footskip=30.0pt
* \marginparwidth=65.0pt
* \marginparsep=11.0pt
* \columnsep=10.0pt
* \skip\footins=9.0pt plus 4.0pt minus 2.0pt
* \hoffset=0.0pt
* \voffset=0.0pt
* \mag=1000
* \@twocolumnfalse
* \@twosidefalse
* \@mparswitchfalse
* \@reversemarginfalse
* (1in=72.27pt=25.4mm, 1cm=28.453pt)

</Users/davidlapuma/Dropbox/CTT_Git/ctt_documentation/images/ctt_logo.png, id=2
85, 301.125pt x 117.43875pt>
File: /Users/davidlapuma/Dropbox/CTT_Git/ctt_documentation/images/ctt_logo.png 
Graphic file (type png)
<use /Users/davidlapuma/Dropbox/CTT_Git/ctt_documentation/images/ctt_logo.png>
Package pdftex.def Info: /Users/davidlapuma/Dropbox/CTT_Git/ctt_documentation/i
mages/ctt_logo.png  used on input line 83.
(pdftex.def)             Requested size: 216.81902pt x 84.5594pt.
LaTeX Font Info:    Trying to load font information for OT1+lmr on input line 8
3.
(/Users/davidlapuma/Library/TinyTeX/texmf-dist/tex/latex/lm/ot1lmr.fd
File: ot1lmr.fd 2015/05/01 v1.6.1 Font defs for Latin Modern
)
LaTeX Font Info:    Trying to load font information for OML+lmm on input line 8
3.
(/Users/davidlapuma/Library/TinyTeX/texmf-dist/tex/latex/lm/omllmm.fd
File: omllmm.fd 2015/05/01 v1.6.1 Font defs for Latin Modern
)
LaTeX Font Info:    Trying to load font information for OMS+lmsy on input line 
83.
(/Users/davidlapuma/Library/TinyTeX/texmf-dist/tex/latex/lm/omslmsy.fd
File: omslmsy.fd 2015/05/01 v1.6.1 Font defs for Latin Modern
)
LaTeX Font Info:    Trying to load font information for OMX+lmex on input line 
83.
(/Users/davidlapuma/Library/TinyTeX/texmf-dist/tex/latex/lm/omxlmex.fd
File: omxlmex.fd 2015/05/01 v1.6.1 Font defs for Latin Modern
)
LaTeX Font Info:    External font `lmex10' loaded for size
(Font)              <12> on input line 83.
LaTeX Font Info:    External font `lmex10' loaded for size
(Font)              <8> on input line 83.
LaTeX Font Info:    External font `lmex10' loaded for size
(Font)              <6> on input line 83.
LaTeX Font Info:    Trying to load font information for U+msa on input line 83.

(/Users/davidlapuma/Library/TinyTeX/texmf-dist/tex/latex/amsfonts/umsa.fd
File: umsa.fd 2013/01/14 v3.01 AMS symbols A
)
LaTeX Font Info:    Trying to load font information for U+msb on input line 83.

(/Users/davidlapuma/Library/TinyTeX/texmf-dist/tex/latex/amsfonts/umsb.fd
File: umsb.fd 2013/01/14 v3.01 AMS symbols B
) (./SensorStation-User-Guide.toc
LaTeX Font Info:    External font `lmex10' loaded for size
(Font)              <10> on input line 9.
LaTeX Font Info:    External font `lmex10' loaded for size
(Font)              <7> on input line 9.
LaTeX Font Info:    External font `lmex10' loaded for size
(Font)              <5> on input line 9.
[1

{/Users/davidlapuma/Library/TinyTeX/texmf-var/fonts/map/pdftex/updmap/pdftex.ma
p} </Users/davidlapuma/Dropbox/CTT_Git/ctt_documentation/images/ctt_logo.png>] 
[2])
\tf@toc=\write4
\openout4 = `SensorStation-User-Guide.toc'.

LaTeX Font Info:    Trying to load font information for T1+lmtt on input line 9
4.
(/Users/davidlapuma/Library/TinyTeX/texmf-dist/tex/latex/lm/t1lmtt.fd
File: t1lmtt.fd 2015/05/01 v1.6.1 Font defs for Latin Modern
) [3]
</Users/davidlapuma/Dropbox/CTT_Git/ctt_documentation/images/attention.png, id=
400, 803.0pt x 581.17125pt>
File: /Users/davidlapuma/Dropbox/CTT_Git/ctt_documentation/images/attention.png
 Graphic file (type png)
<use /Users/davidlapuma/Dropbox/CTT_Git/ctt_documentation/images/attention.png>

Package pdftex.def Info: /Users/davidlapuma/Dropbox/CTT_Git/ctt_documentation/i
mages/attention.png  used on input line 198.
(pdftex.def)             Requested size: 117.43062pt x 84.9904pt.
[4 </Users/davidlapuma/Dropbox/CTT_Git/ctt_documentation/images/attention.png>]
LaTeX Font Info:    Trying to load font information for TS1+lmr on input line 3
26.
(/Users/davidlapuma/Library/TinyTeX/texmf-dist/tex/latex/lm/ts1lmr.fd
File: ts1lmr.fd 2015/05/01 v1.6.1 Font defs for Latin Modern
) [5]
</Users/davidlapuma/Dropbox/CTT_Git/ctt_documentation/images/EMT.png, id=427, 3
01.125pt x 301.125pt>
File: /Users/davidlapuma/Dropbox/CTT_Git/ctt_documentation/images/EMT.png Graph
ic file (type png)
<use /Users/davidlapuma/Dropbox/CTT_Git/ctt_documentation/images/EMT.png>
Package pdftex.def Info: /Users/davidlapuma/Dropbox/CTT_Git/ctt_documentation/i
mages/EMT.png  used on input line 402.
(pdftex.def)             Requested size: 117.43826pt x 117.43826pt.
</Users/davidlapuma/Dropbox/CTT_Git/ctt_documentation/images/SSinstall.png, id=
428, 226.8475pt x 345.29pt>
File: /Users/davidlapuma/Dropbox/CTT_Git/ctt_documentation/images/SSinstall.png
 Graphic file (type png)
<use /Users/davidlapuma/Dropbox/CTT_Git/ctt_documentation/images/SSinstall.png>

Package pdftex.def Info: /Users/davidlapuma/Dropbox/CTT_Git/ctt_documentation/i
mages/SSinstall.png  used on input line 419.
(pdftex.def)             Requested size: 117.43869pt x 178.75624pt.
[6 </Users/davidlapuma/Dropbox/CTT_Git/ctt_documentation/images/EMT.png>]
</Users/davidlapuma/Dropbox/CTT_Git/ctt_documentation/images/nodeClamp.jpg, id=
437, 513.92pt x 334.24875pt>
File: /Users/davidlapuma/Dropbox/CTT_Git/ctt_documentation/images/nodeClamp.jpg
 Graphic file (type jpg)
<use /Users/davidlapuma/Dropbox/CTT_Git/ctt_documentation/images/nodeClamp.jpg>

Package pdftex.def Info: /Users/davidlapuma/Dropbox/CTT_Git/ctt_documentation/i
mages/nodeClamp.jpg  used on input line 476.
(pdftex.def)             Requested size: 117.43845pt x 76.38086pt.
[7 </Users/davidlapuma/Dropbox/CTT_Git/ctt_documentation/images/SSinstall.png> 
</Users/davidlapuma/Dropbox/CTT_Git/ctt_documentation/images/nodeClamp.jpg>]
</Users/davidlapuma/Dropbox/CTT_Git/ctt_documentation/images/nodeBernh.jpg, id=
448, 385.44pt x 513.92pt>
File: /Users/davidlapuma/Dropbox/CTT_Git/ctt_documentation/images/nodeBernh.jpg
 Graphic file (type jpg)
<use /Users/davidlapuma/Dropbox/CTT_Git/ctt_documentation/images/nodeBernh.jpg>

Package pdftex.def Info: /Users/davidlapuma/Dropbox/CTT_Git/ctt_documentation/i
mages/nodeBernh.jpg  used on input line 487.
(pdftex.def)             Requested size: 117.43846pt x 156.58461pt.
</Users/davidlapuma/Dropbox/CTT_Git/ctt_documentation/images/NodeBernh2.jpg, id
=449, 385.44pt x 513.92pt>
File: /Users/davidlapuma/Dropbox/CTT_Git/ctt_documentation/images/NodeBernh2.jp
g Graphic file (type jpg)
<use /Users/davidlapuma/Dropbox/CTT_Git/ctt_documentation/images/NodeBernh2.jpg
>
Package pdftex.def Info: /Users/davidlapuma/Dropbox/CTT_Git/ctt_documentation/i
mages/NodeBernh2.jpg  used on input line 488.
(pdftex.def)             Requested size: 117.43846pt x 156.58461pt.
</Users/davidlapuma/Dropbox/CTT_Git/ctt_documentation/images/SensorStationNodeS
etup.png, id=450, 550.055pt x 513.92pt>
File: /Users/davidlapuma/Dropbox/CTT_Git/ctt_documentation/images/SensorStation
NodeSetup.png Graphic file (type png)
<use /Users/davidlapuma/Dropbox/CTT_Git/ctt_documentation/images/SensorStationN
odeSetup.png>
Package pdftex.def Info: /Users/davidlapuma/Dropbox/CTT_Git/ctt_documentation/i
mages/SensorStationNodeSetup.png  used on input line 527.
(pdftex.def)             Requested size: 117.43698pt x 109.72214pt.
[8 </Users/davidlapuma/Dropbox/CTT_Git/ctt_documentation/images/nodeBernh.jpg> 
</Users/davidlapuma/Dropbox/CTT_Git/ctt_documentation/images/NodeBernh2.jpg> </
Users/davidlapuma/Dropbox/CTT_Git/ctt_documentation/images/SensorStationNodeSet
up.png>]pdfTeX warning (ext4): destination with the same identifier (name{id}) 
has been already used, duplicate ignored
<to be read again> 
                   \relax 
l.581 }
       
</Users/davidlapuma/Dropbox/CTT_Git/ctt_documentation/images/WetlandsStation_NJ
.png, id=462, 320.8788pt x 240.4182pt>
File: /Users/davidlapuma/Dropbox/CTT_Git/ctt_documentation/images/WetlandsStati
on_NJ.png Graphic file (type png)
<use /Users/davidlapuma/Dropbox/CTT_Git/ctt_documentation/images/WetlandsStatio
n_NJ.png>
Package pdftex.def Info: /Users/davidlapuma/Dropbox/CTT_Git/ctt_documentation/i
mages/WetlandsStation_NJ.png  used on input line 581.
(pdftex.def)             Requested size: 117.43558pt x 87.98853pt.
pdfTeX warning (ext4): destination with the same identifier (name{id}) has been
 already used, duplicate ignored
<to be read again> 
                   \relax 
l.644 }
       
</Users/davidlapuma/Dropbox/CTT_Git/ctt_documentation/images/BermudaDualMode.jp
g, id=470, 447.6725pt x 642.4pt>
File: /Users/davidlapuma/Dropbox/CTT_Git/ctt_documentation/images/BermudaDualMo
de.jpg Graphic file (type jpg)
<use /Users/davidlapuma/Dropbox/CTT_Git/ctt_documentation/images/BermudaDualMod
e.jpg>
Package pdftex.def Info: /Users/davidlapuma/Dropbox/CTT_Git/ctt_documentation/i
mages/BermudaDualMode.jpg  used on input line 644.
(pdftex.def)             Requested size: 117.43723pt x 168.51979pt.
[9 </Users/davidlapuma/Dropbox/CTT_Git/ctt_documentation/images/WetlandsStation
_NJ.png>]pdfTeX warning (ext4): destination with the same identifier (name{id})
 has been already used, duplicate ignored
<to be read again> 
                   \relax 
l.687 }
       
</Users/davidlapuma/Dropbox/CTT_Git/ctt_documentation/images/MeadowsStation_NJ.
png, id=478, 283.7802pt x 380.1402pt>
File: /Users/davidlapuma/Dropbox/CTT_Git/ctt_documentation/images/MeadowsStatio
n_NJ.png Graphic file (type png)
<use /Users/davidlapuma/Dropbox/CTT_Git/ctt_documentation/images/MeadowsStation
_NJ.png>
Package pdftex.def Info: /Users/davidlapuma/Dropbox/CTT_Git/ctt_documentation/i
mages/MeadowsStation_NJ.png  used on input line 687.
(pdftex.def)             Requested size: 117.43748pt x 157.31439pt.
</Users/davidlapuma/Dropbox/CTT_Git/ctt_documentation/images/diagram_drip-loop.
jpg, id=479, 350.30875pt x 316.18124pt>
File: /Users/davidlapuma/Dropbox/CTT_Git/ctt_documentation/images/diagram_drip-
loop.jpg Graphic file (type jpg)
<use /Users/davidlapuma/Dropbox/CTT_Git/ctt_documentation/images/diagram_drip-l
oop.jpg>
Package pdftex.def Info: /Users/davidlapuma/Dropbox/CTT_Git/ctt_documentation/i
mages/diagram_drip-loop.jpg  used on input line 692.
(pdftex.def)             Requested size: 117.43567pt x 105.99493pt.
[10 </Users/davidlapuma/Dropbox/CTT_Git/ctt_documentation/images/BermudaDualMod
e.jpg> </Users/davidlapuma/Dropbox/CTT_Git/ctt_documentation/images/diagram_dri
p-loop.jpg>]
</Users/davidlapuma/Dropbox/CTT_Git/ctt_documentation/images/power_out.png, id=
490, 201.75375pt x 193.72375pt>
File: /Users/davidlapuma/Dropbox/CTT_Git/ctt_documentation/images/power_out.png
 Graphic file (type png)
<use /Users/davidlapuma/Dropbox/CTT_Git/ctt_documentation/images/power_out.png>

Package pdftex.def Info: /Users/davidlapuma/Dropbox/CTT_Git/ctt_documentation/i
mages/power_out.png  used on input line 725.
(pdftex.def)             Requested size: 93.94997pt x 90.21066pt.
</Users/davidlapuma/Dropbox/CTT_Git/ctt_documentation/images/power_in.png, id=4
91, 206.7725pt x 197.73875pt>
File: /Users/davidlapuma/Dropbox/CTT_Git/ctt_documentation/images/power_in.png 
Graphic file (type png)
<use /Users/davidlapuma/Dropbox/CTT_Git/ctt_documentation/images/power_in.png>
Package pdftex.def Info: /Users/davidlapuma/Dropbox/CTT_Git/ctt_documentation/i
mages/power_in.png  used on input line 726.
(pdftex.def)             Requested size: 93.95227pt x 89.84756pt.
[11 </Users/davidlapuma/Dropbox/CTT_Git/ctt_documentation/images/MeadowsStation
_NJ.png> </Users/davidlapuma/Dropbox/CTT_Git/ctt_documentation/images/power_out
.png> </Users/davidlapuma/Dropbox/CTT_Git/ctt_documentation/images/power_in.png
>] [12] [13] [14] [15] [16]
LaTeX Font Info:    Font shape `T1/lmtt/bx/n' in size <10> not available
(Font)              Font shape `T1/lmtt/b/n' tried instead on input line 1383.
[17]
LaTeX Font Info:    Trying to load font information for TS1+lmtt on input line 
1436.
(/Users/davidlapuma/Library/TinyTeX/texmf-dist/tex/latex/lm/ts1lmtt.fd
File: ts1lmtt.fd 2015/05/01 v1.6.1 Font defs for Latin Modern
) [18] [19] [20] [21]
</Users/davidlapuma/Dropbox/CTT_Git/ctt_documentation/images/motus-logo.png, id
=663, 276.03125pt x 179.67125pt>
File: /Users/davidlapuma/Dropbox/CTT_Git/ctt_documentation/images/motus-logo.pn
g Graphic file (type png)
<use /Users/davidlapuma/Dropbox/CTT_Git/ctt_documentation/images/motus-logo.png
>
Package pdftex.def Info: /Users/davidlapuma/Dropbox/CTT_Git/ctt_documentation/i
mages/motus-logo.png  used on input line 1910.
(pdftex.def)             Requested size: 46.97522pt x 30.5766pt.
</Users/davidlapuma/Dropbox/CTT_Git/ctt_documentation/images/BirdsCanadaLogo.pn
g, id=664, 132.3855pt x 80.811pt>
File: /Users/davidlapuma/Dropbox/CTT_Git/ctt_documentation/images/BirdsCanadaLo
go.png Graphic file (type png)
<use /Users/davidlapuma/Dropbox/CTT_Git/ctt_documentation/images/BirdsCanadaLog
o.png>
Package pdftex.def Info: /Users/davidlapuma/Dropbox/CTT_Git/ctt_documentation/i
mages/BirdsCanadaLogo.png  used on input line 1911.
(pdftex.def)             Requested size: 46.97798pt x 28.67638pt.
</Users/davidlapuma/Dropbox/CTT_Git/ctt_documentation/images/ctt_logo_300DPI.jp
g, id=665, 1164.35pt x 454.69875pt>
File: /Users/davidlapuma/Dropbox/CTT_Git/ctt_documentation/images/ctt_logo_300D
PI.jpg Graphic file (type jpg)
<use /Users/davidlapuma/Dropbox/CTT_Git/ctt_documentation/images/ctt_logo_300DP
I.jpg>
Package pdftex.def Info: /Users/davidlapuma/Dropbox/CTT_Git/ctt_documentation/i
mages/ctt_logo_300DPI.jpg  used on input line 1912.
(pdftex.def)             Requested size: 70.44427pt x 27.5097pt.
[22 </Users/davidlapuma/Dropbox/CTT_Git/ctt_documentation/images/motus-logo.png
> </Users/davidlapuma/Dropbox/CTT_Git/ctt_documentation/images/BirdsCanadaLogo.
png> </Users/davidlapuma/Dropbox/CTT_Git/ctt_documentation/images/ctt_logo_300D
PI.jpg>] [23] [24]
</Users/davidlapuma/Dropbox/CTT_Git/ctt_documentation/images/MODEM SERIAL2.jpg,
 id=709, 687.56876pt x 1361.085pt>
File: /Users/davidlapuma/Dropbox/CTT_Git/ctt_documentation/images/MODEM SERIAL2
.jpg Graphic file (type jpg)
<use /Users/davidlapuma/Dropbox/CTT_Git/ctt_documentation/images/MODEM SERIAL2.
jpg>
Package pdftex.def Info: /Users/davidlapuma/Dropbox/CTT_Git/ctt_documentation/i
mages/MODEM SERIAL2.jpg  used on input line 2255.
(pdftex.def)             Requested size: 117.4307pt x 232.46135pt.
</Users/davidlapuma/Dropbox/CTT_Git/ctt_documentation/images/U POWER.jpg, id=71
0, 1188.44pt x 1159.33125pt>
File: /Users/davidlapuma/Dropbox/CTT_Git/ctt_documentation/images/U POWER.jpg G
raphic file (type jpg)
<use /Users/davidlapuma/Dropbox/CTT_Git/ctt_documentation/images/U POWER.jpg>
Package pdftex.def Info: /Users/davidlapuma/Dropbox/CTT_Git/ctt_documentation/i
mages/U POWER.jpg  used on input line 2256.
(pdftex.def)             Requested size: 117.4365pt x 114.56009pt.
[25]
</Users/davidlapuma/Dropbox/CTT_Git/ctt_documentation/images/Battery.png, id=72
9, 993.7125pt x 1324.95pt>
File: /Users/davidlapuma/Dropbox/CTT_Git/ctt_documentation/images/Battery.png G
raphic file (type png)
<use /Users/davidlapuma/Dropbox/CTT_Git/ctt_documentation/images/Battery.png>
Package pdftex.def Info: /Users/davidlapuma/Dropbox/CTT_Git/ctt_documentation/i
mages/Battery.png  used on input line 2275.
(pdftex.def)             Requested size: 187.89757pt x 250.53009pt.
</Users/davidlapuma/Dropbox/CTT_Git/ctt_documentation/images/PI-HAT EXPANSION.p
ng, id=730, 827.09pt x 552.0625pt>
File: /Users/davidlapuma/Dropbox/CTT_Git/ctt_documentation/images/PI-HAT EXPANS
ION.png Graphic file (type png)
<use /Users/davidlapuma/Dropbox/CTT_Git/ctt_documentation/images/PI-HAT EXPANSI
ON.png>
Package pdftex.def Info: /Users/davidlapuma/Dropbox/CTT_Git/ctt_documentation/i
mages/PI-HAT EXPANSION.png  used on input line 2287.
(pdftex.def)             Requested size: 234.87753pt x 156.77504pt.
[26 </Users/davidlapuma/Dropbox/CTT_Git/ctt_documentation/images/MODEM SERIAL2.
jpg> </Users/davidlapuma/Dropbox/CTT_Git/ctt_documentation/images/U POWER.jpg> 
</Users/davidlapuma/Dropbox/CTT_Git/ctt_documentation/images/Battery.png>]
</Users/davidlapuma/Dropbox/CTT_Git/ctt_documentation/images/EXPANSION.png, id=
741, 812.03375pt x 551.05875pt>
File: /Users/davidlapuma/Dropbox/CTT_Git/ctt_documentation/images/EXPANSION.png
 Graphic file (type png)
<use /Users/davidlapuma/Dropbox/CTT_Git/ctt_documentation/images/EXPANSION.png>

Package pdftex.def Info: /Users/davidlapuma/Dropbox/CTT_Git/ctt_documentation/i
mages/EXPANSION.png  used on input line 2300.
(pdftex.def)             Requested size: 234.87662pt x 159.39091pt.
</Users/davidlapuma/Dropbox/CTT_Git/ctt_documentation/images/ethernetConnected.
png, id=742, 1606.0pt x 1204.5pt>
File: /Users/davidlapuma/Dropbox/CTT_Git/ctt_documentation/images/ethernetConne
cted.png Graphic file (type png)
<use /Users/davidlapuma/Dropbox/CTT_Git/ctt_documentation/images/ethernetConnec
ted.png>
Package pdftex.def Info: /Users/davidlapuma/Dropbox/CTT_Git/ctt_documentation/i
mages/ethernetConnected.png  used on input line 2317.
(pdftex.def)             Requested size: 234.86124pt x 176.14592pt.
[27 </Users/davidlapuma/Dropbox/CTT_Git/ctt_documentation/images/PI-HAT EXPANSI
ON.png> </Users/davidlapuma/Dropbox/CTT_Git/ctt_documentation/images/EXPANSION.
png> </Users/davidlapuma/Dropbox/CTT_Git/ctt_documentation/images/ethernetConne
cted.png>]
</Users/davidlapuma/Dropbox/CTT_Git/ctt_documentation/images/pimoroni.cominkyph
at.jpg, id=754, 869.2475pt x 551.05875pt>
File: /Users/davidlapuma/Dropbox/CTT_Git/ctt_documentation/images/pimoroni.comi
nkyphat.jpg Graphic file (type jpg)
<use /Users/davidlapuma/Dropbox/CTT_Git/ctt_documentation/images/pimoroni.comin
kyphat.jpg>
Package pdftex.def Info: /Users/davidlapuma/Dropbox/CTT_Git/ctt_documentation/i
mages/pimoroni.cominkyphat.jpg  used on input line 2331.
(pdftex.def)             Requested size: 234.87239pt x 148.89716pt.
</Users/davidlapuma/Dropbox/CTT_Git/ctt_documentation/images/Data Management.pn
g, id=755, 1410.26875pt x 613.29124pt>
File: /Users/davidlapuma/Dropbox/CTT_Git/ctt_documentation/images/Data Manageme
nt.png Graphic file (type png)
<use /Users/davidlapuma/Dropbox/CTT_Git/ctt_documentation/images/Data Managemen
t.png>
Package pdftex.def Info: /Users/davidlapuma/Dropbox/CTT_Git/ctt_documentation/i
mages/Data Management.png  used on input line 2359.
(pdftex.def)             Requested size: 352.30809pt x 153.21013pt.
</Users/davidlapuma/Dropbox/CTT_Git/ctt_documentation/images/am your Sensor Gno
me.png, id=756, 598.235pt x 254.9525pt>
File: /Users/davidlapuma/Dropbox/CTT_Git/ctt_documentation/images/am your Senso
r Gnome.png Graphic file (type png)
<use /Users/davidlapuma/Dropbox/CTT_Git/ctt_documentation/images/am your Sensor
 Gnome.png>
Package pdftex.def Info: /Users/davidlapuma/Dropbox/CTT_Git/ctt_documentation/i
mages/am your Sensor Gnome.png  used on input line 2381.
(pdftex.def)             Requested size: 352.3166pt x 150.14833pt.
[28 </Users/davidlapuma/Dropbox/CTT_Git/ctt_documentation/images/pimoroni.comin
kyphat.jpg> </Users/davidlapuma/Dropbox/CTT_Git/ctt_documentation/images/Data M
anagement.png>]
Overfull \hbox (1.06221pt too wide) in paragraph at lines 2422--2423
[]\T1/lmr/bx/n/10 Description  
 []


Overfull \hbox (0.11523pt too wide) in alignment at lines 2415--2433
 [] [] [] [] [] [] [] 
 []


Overfull \hbox (0.11523pt too wide) in alignment at lines 2433--2479
 [] [] [] [] [] [] [] 
 []

[29 </Users/davidlapuma/Dropbox/CTT_Git/ctt_documentation/images/am your Sensor
 Gnome.png>] [30] [31] (./SensorStation-User-Guide.aux)

LaTeX Warning: There were multiply-defined labels.

Package rerunfilecheck Info: File `SensorStation-User-Guide.out' has not change
d.
(rerunfilecheck)             Checksum: F96886C74AEF856BAFF9A9996BD61700;13158.
 ) 
Here is how much of TeX's memory you used:
 11907 strings out of 480236
 196977 string characters out of 5894541
 487320 words of memory out of 5000000
 29323 multiletter control sequences out of 15000+600000
 531648 words of font info for 74 fonts, out of 8000000 for 9000
 14 hyphenation exceptions out of 8191
 60i,7n,63p,529b,441s stack positions out of 5000i,500n,10000p,200000b,80000s
{/Users/davidlapuma/Library/TinyTeX/texmf-dist/fonts/enc/dvips/lm/lm-ts1.enc}
{/Users/davidlapuma/Library/TinyTeX/texmf-dist/fonts/enc/dvips/lm/lm-ec.enc}</U
sers/davidlapuma/Library/TinyTeX/texmf-dist/fonts/type1/public/lm/lmbx10.pfb></
Users/davidlapuma/Library/TinyTeX/texmf-dist/fonts/type1/public/lm/lmbx12.pfb><
/Users/davidlapuma/Library/TinyTeX/texmf-dist/fonts/type1/public/lm/lmbxi10.pfb
></Users/davidlapuma/Library/TinyTeX/texmf-dist/fonts/type1/public/lm/lmr10.pfb
></Users/davidlapuma/Library/TinyTeX/texmf-dist/fonts/type1/public/lm/lmr12.pfb
></Users/davidlapuma/Library/TinyTeX/texmf-dist/fonts/type1/public/lm/lmr17.pfb
></Users/davidlapuma/Library/TinyTeX/texmf-dist/fonts/type1/public/lm/lmr7.pfb>
</Users/davidlapuma/Library/TinyTeX/texmf-dist/fonts/type1/public/lm/lmri10.pfb
></Users/davidlapuma/Library/TinyTeX/texmf-dist/fonts/type1/public/lm/lmtk10.pf
b></Users/davidlapuma/Library/TinyTeX/texmf-dist/fonts/type1/public/lm/lmtt10.p
fb>
Output written on SensorStation-User-Guide.pdf (31 pages, 12742223 bytes).
PDF statistics:
 915 PDF objects out of 1000 (max. 8388607)
 809 compressed objects within 9 object streams
 309 named destinations out of 1000 (max. 500000)
 691 words of extra memory for PDF output out of 10000 (max. 10000000)

